GROUP,PACKAGE,CLASS,INSTRUCTION_MISSED,INSTRUCTION_COVERED,BRANCH_MISSED,BRANCH_COVERED,LINE_MISSED,LINE_COVERED,COMPLEXITY_MISSED,COMPLEXITY_COVERED,METHOD_MISSED,METHOD_COVERED
Credit Application Platform,com.creditapp.borrower.model,LoanType,0,45,0,0,0,8,0,1,0,1
Credit Application Platform,com.creditapp.borrower.model,RatePreference,21,0,0,0,4,0,1,0,1,0
Credit Application Platform,com.creditapp.borrower.model,ApplicationDocument,526,0,96,0,18,0,79,0,31,0
Credit Application Platform,com.creditapp.borrower.model,ApplicationStatus,0,57,0,0,0,10,0,1,0,1
Credit Application Platform,com.creditapp.borrower.model,Consent,469,3,86,0,13,1,69,1,26,1
Credit Application Platform,com.creditapp.borrower.model,ApplicationDocument.ApplicationDocumentBuilder,108,0,0,0,1,0,14,0,14,0
Credit Application Platform,com.creditapp.borrower.model,Currency,0,21,0,0,0,4,0,1,0,1
Credit Application Platform,com.creditapp.borrower.model,ApplicationDetails,111,43,14,0,17,3,25,5,18,5
Credit Application Platform,com.creditapp.borrower.model,ApplicationHistory.ApplicationHistoryBuilder,25,65,0,0,0,1,2,10,2,10
Credit Application Platform,com.creditapp.borrower.model,LoanPreference,474,0,86,0,14,0,69,0,26,0
Credit Application Platform,com.creditapp.borrower.model,DocumentType,0,33,0,0,0,6,0,1,0,1
Credit Application Platform,com.creditapp.borrower.model,EmploymentStatus,39,0,0,0,7,0,1,0,1,0
Credit Application Platform,com.creditapp.borrower.model,BorrowerNotification.BorrowerNotificationBuilder,36,81,0,0,0,1,3,12,3,12
Credit Application Platform,com.creditapp.borrower.model,ApplicationHistory,107,52,12,0,10,8,22,8,16,8
Credit Application Platform,com.creditapp.borrower.model,ApplicationDetails.ApplicationDetailsBuilder,53,28,0,0,0,1,8,3,8,3
Credit Application Platform,com.creditapp.borrower.model,BorrowerNotification,470,88,102,0,2,14,66,16,15,16
Credit Application Platform,com.creditapp.borrower.model,Application.ApplicationBuilder,64,108,1,1,0,1,7,14,6,14
Credit Application Platform,com.creditapp.borrower.model,Application,96,185,13,5,8,25,15,36,8,34
Credit Application Platform,com.creditapp.borrower.model,Consent.ConsentBuilder,99,0,0,0,1,0,13,0,13,0
Credit Application Platform,com.creditapp.bank.service,BankAdminQueueService,25,513,32,79,8,132,33,34,1,9
Credit Application Platform,com.creditapp.bank.service,BankAnalyticsService,45,825,14,75,8,190,14,52,0,18
Credit Application Platform,com.creditapp.bank.service,OfferService,33,87,0,0,6,25,4,3,4,3
Credit Application Platform,com.creditapp.bank.service,BankTeamService,12,226,1,7,3,65,1,10,0,7
Credit Application Platform,com.creditapp.bank.service,BankOfferHistoryService,188,460,74,66,48,115,57,31,0,18
Credit Application Platform,com.creditapp.bank.service,BankOfferExpirationNotificationService,296,0,0,0,43,0,5,0,5,0
Credit Application Platform,com.creditapp.bank.service,OfferExpirationService,211,19,22,0,44,7,17,2,6,2
Credit Application Platform,com.creditapp.bank.service,BankOfferSubmissionService,9,305,3,15,1,63,3,11,0,5
Credit Application Platform,com.creditapp.bank.service,BankDashboardService,12,202,8,16,2,54,6,17,0,10
Credit Application Platform,com.creditapp.bank.service,ApplicationQueueService,136,415,34,27,32,100,32,11,2,10
Credit Application Platform,com.creditapp.bank.service,BankMarketAnalysisService,29,531,9,25,5,127,9,19,0,11
Credit Application Platform,com.creditapp.bank.service,OfferDocumentUploadService,29,300,1,5,3,63,1,7,0,5
Credit Application Platform,com.creditapp.bank.service,OfferCalculationService,607,25,24,0,135,9,20,2,8,2
Credit Application Platform,com.creditapp.bank.service,ApplicationStatusUpdateService,29,245,1,11,8,52,1,9,0,4
Credit Application Platform,com.creditapp.bank.service,OfferDocumentRetrievalService,6,156,0,4,0,42,1,10,1,8
Credit Application Platform,com.creditapp.bank.service,BankApplicationDetailsService,531,25,22,0,138,2,23,2,11,2
Credit Application Platform,com.creditapp.bank.service,BankApplicationDeclineService,5,117,0,8,2,25,0,8,0,4
Credit Application Platform,com.creditapp.bank.service,BankRateCardService,111,276,18,18,23,73,21,6,3,6
Credit Application Platform,com.creditapp.bank.service,BankOfferWithdrawalService,5,102,0,4,2,24,0,6,0,4
Credit Application Platform,com.creditapp.bank.service,OfferDocumentDownloadService,0,171,0,6,0,28,0,10,0,7
Credit Application Platform,com.creditapp.bank.service,ApplicationQueueNotificationService,40,10,0,0,14,2,2,2,2,2
Credit Application Platform,com.creditapp.bank.service,BankProfileService,29,303,15,25,4,59,15,12,1,6
Credit Application Platform,com.creditapp.borrower.controller,BorrowerNotificationController,0,97,0,4,0,16,0,6,0,4
Credit Application Platform,com.creditapp.borrower.controller,BorrowerOfferController,42,58,2,0,10,11,3,4,2,4
Credit Application Platform,com.creditapp.borrower.controller,BorrowerDataDeletionController,110,10,4,0,32,2,5,2,3,2
Credit Application Platform,com.creditapp.borrower.controller,GDPRConsentController,92,10,4,0,20,2,7,2,5,2
Credit Application Platform,com.creditapp.borrower.controller,BorrowerDataExportController,65,10,0,0,16,2,3,2,3,2
Credit Application Platform,com.creditapp.borrower.controller,ScenarioCalculatorController,0,25,0,0,0,6,0,3,0,3
Credit Application Platform,com.creditapp.borrower.controller,HelpContentController,0,19,0,0,0,5,0,3,0,3
Credit Application Platform,com.creditapp.borrower.controller,BorrowerHistoryController,0,67,0,0,0,18,0,4,0,4
Credit Application Platform,com.creditapp.borrower.controller,BorrowerApplicationController,131,241,0,4,23,43,4,11,4,9
Credit Application Platform,com.creditapp.borrower.exception,ApplicationAlreadySubmittedException,0,4,0,0,0,2,0,1,0,1
Credit Application Platform,com.creditapp.borrower.exception,ApplicationNotSubmittedException,5,4,0,0,2,2,1,1,1,1
Credit Application Platform,com.creditapp.borrower.exception,ApplicationNotFoundException,5,4,0,0,2,2,1,1,1,1
Credit Application Platform,com.creditapp.borrower.exception,DocumentNotFoundException,4,0,0,0,2,0,1,0,1,0
Credit Application Platform,com.creditapp.borrower.exception,ApplicationCreationException,9,0,0,0,4,0,2,0,2,0
Credit Application Platform,com.creditapp.borrower.exception,ApplicationLockedException,4,0,0,0,2,0,1,0,1,0
Credit Application Platform,com.creditapp.borrower.exception,DocumentStorageException,9,0,0,0,4,0,2,0,2,0
Credit Application Platform,com.creditapp.borrower.exception,ApplicationStaleException,3,7,0,0,1,3,1,1,1,1
Credit Application Platform,com.creditapp.borrower.exception,InvalidApplicationException,5,4,0,0,2,2,1,1,1,1
Credit Application Platform,com.creditapp.borrower.exception,InvalidOfferException,0,4,0,0,0,2,0,1,0,1
Credit Application Platform,com.creditapp.borrower.exception,ApplicationNotWithdrawableException,14,0,0,0,6,0,3,0,3,0
Credit Application Platform,com.creditapp.borrower.exception,ApplicationNotEditableException,5,4,0,0,2,2,1,1,1,1
Credit Application Platform,com.creditapp.borrower.exception,SubmissionValidationException,0,10,0,0,0,4,0,2,0,2
Credit Application Platform,com.creditapp.borrower.exception,InvalidDocumentException,4,0,0,0,2,0,1,0,1,0
Credit Application Platform,com.creditapp.borrower.exception,OfferExpiredException,0,10,0,0,0,4,0,2,0,2
Credit Application Platform,com.creditapp.borrower.exception,FileSizeExceededException,4,0,0,0,2,0,1,0,1,0
Credit Application Platform,com.creditapp.borrower.exception,NotificationNotFoundException,0,9,0,0,0,4,0,2,0,2
Credit Application Platform,com.creditapp.borrower.exception,HelpArticleNotFoundException,4,6,0,0,2,2,1,1,1,1
Credit Application Platform,com.creditapp.borrower.exception,UnauthorizedException,5,4,0,0,2,2,1,1,1,1
Credit Application Platform,com.creditapp.borrower.exception,ApplicationNotDraftException,9,0,0,0,4,0,2,0,2,0
Credit Application Platform,com.creditapp.bank.controller,BankOfferWithdrawalController,16,10,0,0,4,2,1,2,1,2
Credit Application Platform,com.creditapp.bank.controller,BankAdminRateCardController,12,38,0,0,3,10,1,3,1,3
Credit Application Platform,com.creditapp.bank.controller,BankTeamController,95,10,0,0,22,4,4,2,4,2
Credit Application Platform,com.creditapp.bank.controller,BankApplicationReviewController,83,13,0,0,15,2,2,2,2,2
Credit Application Platform,com.creditapp.bank.controller,BankApplicationQueueController,0,53,0,0,0,18,0,3,0,3
Credit Application Platform,com.creditapp.bank.controller,BankProfileController,65,10,0,0,16,4,3,2,3,2
Credit Application Platform,com.creditapp.bank.controller,BankAnalyticsController,107,10,14,0,32,2,12,2,5,2
Credit Application Platform,com.creditapp.bank.controller,BankAdminController,46,3,0,0,11,1,3,1,3,1
Credit Application Platform,com.creditapp.bank.controller,BankApplicationDeclineController,17,10,0,0,4,2,1,2,1,2
Credit Application Platform,com.creditapp.bank.controller,OfferDocumentController.DownloadResponse,78,0,14,0,3,0,14,0,7,0
Credit Application Platform,com.creditapp.bank.controller,OfferDocumentController,222,16,10,0,46,2,9,2,4,2
Credit Application Platform,com.creditapp.bank.controller,BankOfferHistoryController,93,6,16,0,23,1,11,1,3,1
Credit Application Platform,com.creditapp.bank.controller,BankAdminApplicationQueueController,28,13,0,0,4,2,1,2,1,2
Credit Application Platform,com.creditapp.bank.controller,BankDashboardController,45,13,0,0,6,2,1,2,1,2
Credit Application Platform,com.creditapp.bank.controller,BankMarketAnalysisController,0,21,0,0,0,7,0,2,0,2
Credit Application Platform,com.creditapp.bank.controller,BankOfferSubmissionController,59,13,2,0,13,2,2,2,1,2
Credit Application Platform,com.creditapp.shared.listener,EmailNotificationListener,23,10,0,0,9,4,1,2,1,2
Credit Application Platform,com.creditapp.shared.listener,EntityAuditListener,186,10,0,0,43,4,4,3,4,3
Credit Application Platform,com.creditapp.bank.websocket,ApplicationQueueWebSocketHandler,321,22,23,1,86,6,24,3,12,3
Credit Application Platform,com.creditapp.bank.websocket,ApplicationQueueWebSocketInterceptor,54,7,6,0,13,2,5,2,2,2
Credit Application Platform,com.creditapp.bank.model,ApplicationBankNotes,383,3,70,0,11,1,57,1,22,1
Credit Application Platform,com.creditapp.bank.model,OfferStatus,0,45,0,0,0,8,0,1,0,1
Credit Application Platform,com.creditapp.bank.model,BankRateCard,49,100,1,1,17,41,4,28,3,28
Credit Application Platform,com.creditapp.bank.model,ApplicationBankNotes.ApplicationBankNotesBuilder,81,0,0,0,1,0,11,0,11,0
Credit Application Platform,com.creditapp.bank.model,CalculationType,0,21,0,0,0,4,0,1,0,1
Credit Application Platform,com.creditapp.bank.model,OfferCalculationLog,49,37,0,0,18,17,9,10,9,10
Credit Application Platform,com.creditapp.bank.model,OfferDocument.OfferDocumentBuilder,35,100,0,0,0,1,2,15,2,15
Credit Application Platform,com.creditapp.bank.model,Offer,145,50,0,0,60,17,41,2,41,2
Credit Application Platform,com.creditapp.bank.model,OfferDocument,526,85,110,0,6,14,76,14,21,14
Credit Application Platform,com.creditapp.compliance.controller,ComplianceChecklistController.ErrorResponse,15,0,0,0,6,0,3,0,3,0
Credit Application Platform,com.creditapp.compliance.controller,ComplianceAuditController,75,6,0,0,22,1,2,1,2,1
Credit Application Platform,com.creditapp.compliance.controller,ComplianceChecklistController,28,65,0,0,7,15,0,5,0,5
Credit Application Platform,com.creditapp.shared.dto,EmailMetricsDTO.EmailMetricsDTOBuilder,29,34,0,0,0,1,4,5,4,5
Credit Application Platform,com.creditapp.shared.dto,UpdateLegalDocumentRequest,134,0,22,0,6,0,23,0,12,0
Credit Application Platform,com.creditapp.shared.dto,NotificationHealthDTO,300,0,54,0,10,0,46,0,19,0
Credit Application Platform,com.creditapp.shared.dto,NotificationEvent.NotificationEventBuilder,81,0,0,0,1,0,11,0,11,0
Credit Application Platform,com.creditapp.shared.dto,UpdateLegalDocumentRequest.UpdateLegalDocumentRequestBuilder,37,0,2,0,1,0,6,0,5,0
Credit Application Platform,com.creditapp.shared.dto,LegalDocumentResponse,294,49,62,0,2,9,43,9,12,9
Credit Application Platform,com.creditapp.shared.dto,NotificationHealthDTO.NotificationHealthDTOBuilder,63,0,0,0,1,0,9,0,9,0
Credit Application Platform,com.creditapp.shared.dto,LegalDocumentListDTO.LegalDocumentListDTOBuilder,36,0,0,0,1,0,6,0,6,0
Credit Application Platform,com.creditapp.shared.dto,LegalDocumentResponse.LegalDocumentResponseBuilder,16,56,0,0,0,1,1,9,1,9
Credit Application Platform,com.creditapp.shared.dto,LegalDocumentListDTO,171,0,30,0,7,0,28,0,13,0
Credit Application Platform,com.creditapp.shared.dto,AuditLogDTO,425,0,78,0,12,0,63,0,24,0
Credit Application Platform,com.creditapp.shared.dto,EmailMetricsDTO,269,31,54,0,6,4,42,4,15,4
Credit Application Platform,com.creditapp.shared.dto,NotificationEvent,386,0,70,0,12,0,58,0,23,0
Credit Application Platform,com.creditapp.common.interceptor,RateLimitingInterceptor,77,13,11,1,18,5,7,2,1,2
Credit Application Platform,com.creditapp.bank.dto,AnalyticsResponseDTO.AnalyticsResponseDTOBuilder,12,42,0,0,0,1,1,7,1,7
Credit Application Platform,com.creditapp.bank.dto,OfferHistoryFilter.OfferHistoryFilterBuilder,81,0,0,0,1,0,11,0,11,0
Credit Application Platform,com.creditapp.bank.dto,OfferDocumentsListResponse,186,28,38,0,3,5,29,5,10,5
Credit Application Platform,com.creditapp.bank.dto,UpdateBankProfileRequest,297,46,62,0,3,8,44,8,13,8
Credit Application Platform,com.creditapp.bank.dto,DeclineApplicationResponse.DeclineApplicationResponseBuilder,10,35,0,0,0,1,1,6,1,6
Credit Application Platform,com.creditapp.bank.dto,BorrowerDetailsDTO.BorrowerDetailsDTOBuilder,54,0,0,0,1,0,8,0,8,0
Credit Application Platform,com.creditapp.bank.dto,InviteTeamMemberRequest.InviteTeamMemberRequestBuilder,8,28,0,0,0,1,1,5,1,5
Credit Application Platform,com.creditapp.bank.dto,InviteTeamMemberResponse,226,31,46,0,4,5,35,5,12,5
Credit Application Platform,com.creditapp.bank.dto,BankDashboardMetrics,0,24,0,0,0,1,0,1,0,1
Credit Application Platform,com.creditapp.bank.dto,AnalyticsRequest.DatePreset,0,33,0,0,0,6,0,1,0,1
Credit Application Platform,com.creditapp.bank.dto,BankProfileDTO.BankProfileDTOBuilder,20,70,0,0,0,1,1,11,1,11
Credit Application Platform,com.creditapp.bank.dto,AnalyticsResponseDTO,220,37,46,0,2,7,33,7,10,7
Credit Application Platform,com.creditapp.bank.dto,QuickLink,12,0,0,0,1,0,1,0,1,0
Credit Application Platform,com.creditapp.bank.dto,MarketVisualizationDTO.AprComparisonItem,0,21,0,0,0,1,0,1,0,1
Credit Application Platform,com.creditapp.bank.dto,LoanTypeBreakdownDTO,146,25,30,0,2,5,23,5,8,5
Credit Application Platform,com.creditapp.bank.dto,OfferDTO,0,3,0,0,0,1,0,1,0,1
Credit Application Platform,com.creditapp.bank.dto,OfferHistoryFilter,335,51,70,0,3,9,49,9,14,9
Credit Application Platform,com.creditapp.bank.dto,ApplicationQueueRequest,469,46,94,0,11,4,72,4,25,4
Credit Application Platform,com.creditapp.bank.dto,AnalyticsMetricsDTO.AnalyticsMetricsDTOBuilder,12,42,0,0,0,1,1,7,1,7
Credit Application Platform,com.creditapp.bank.dto,BankRateCardDTO,3,0,0,0,1,0,1,0,1,0
Credit Application Platform,com.creditapp.bank.dto,BankOfferSubmissionResponse.BankOfferSubmissionResponseBuilder,90,0,0,0,1,0,12,0,12,0
Credit Application Platform,com.creditapp.bank.dto,WithdrawOfferResponse,146,25,30,0,2,5,23,5,8,5
Credit Application Platform,com.creditapp.bank.dto,BankDashboardResponse,12,0,0,0,1,0,1,0,1,0
Credit Application Platform,com.creditapp.bank.dto,MarketAverageDTO,0,33,0,0,0,1,0,1,0,1
Credit Application Platform,com.creditapp.bank.dto,UpdateBankProfileRequest.UpdateBankProfileRequestBuilder,26,46,0,0,0,1,3,7,3,7
Credit Application Platform,com.creditapp.bank.dto,AnalyticsRequest.AnalyticsRequestBuilder,8,28,0,0,0,1,1,5,1,5
Credit Application Platform,com.creditapp.bank.dto,BankRateCardRequest,0,86,0,0,0,35,0,18,0,18
Credit Application Platform,com.creditapp.bank.dto,ApplicationStatusUpdateRequest,139,32,30,0,2,5,20,8,5,8
Credit Application Platform,com.creditapp.bank.dto,DeclineApplicationResponse,183,31,38,0,2,6,28,6,9,6
Credit Application Platform,com.creditapp.bank.dto,EmploymentDetailsDTO,214,0,38,0,8,0,34,0,15,0
Credit Application Platform,com.creditapp.bank.dto,InviteTeamMemberRequest,149,22,30,0,3,4,24,4,9,4
Credit Application Platform,com.creditapp.bank.dto,ApplicationQueueResponse,214,65,40,0,1,10,31,10,11,10
Credit Application Platform,com.creditapp.bank.dto,BankOfferSubmissionRequest.BankOfferSubmissionRequestBuilder,108,0,0,0,1,0,14,0,14,0
Credit Application Platform,com.creditapp.bank.dto,MyBankRateCardDTO,0,27,0,0,0,1,0,1,0,1
Credit Application Platform,com.creditapp.bank.dto,OfferSubmissionResponse.OfferSubmissionResponseBuilder,18,63,0,0,0,1,1,10,1,10
Credit Application Platform,com.creditapp.bank.dto,LoanRequestDetailsDTO.LoanRequestDetailsDTOBuilder,54,0,0,0,1,0,8,0,8,0
Credit Application Platform,com.creditapp.bank.dto,LoanTypeBreakdownDTO.LoanTypeBreakdownDTOBuilder,8,28,0,0,0,1,1,5,1,5
Credit Application Platform,com.creditapp.bank.dto,AnalyticsTrendDTO.AnalyticsTrendDTOBuilder,10,35,0,0,0,1,1,6,1,6
Credit Application Platform,com.creditapp.bank.dto,OfferDocumentMetadata.OfferDocumentMetadataBuilder,24,84,0,0,0,1,1,13,1,13
Credit Application Platform,com.creditapp.bank.dto,EmploymentDetailsDTO.EmploymentDetailsDTOBuilder,45,0,0,0,1,0,7,0,7,0
Credit Application Platform,com.creditapp.bank.dto,OfferDocumentsListResponse.OfferDocumentsListResponseBuilder,10,35,0,0,0,1,1,6,1,6
Credit Application Platform,com.creditapp.bank.dto,LoanRequestDetailsDTO,257,0,46,0,9,0,40,0,17,0
Credit Application Platform,com.creditapp.bank.dto,OfferCalculationLogDTO,3,0,0,0,1,0,1,0,1,0
Credit Application Platform,com.creditapp.bank.dto,MarketVisualizationDTO,0,12,0,0,0,1,0,1,0,1
Credit Application Platform,com.creditapp.bank.dto,BorrowerDetailsDTO,257,0,46,0,9,0,40,0,17,0
Credit Application Platform,com.creditapp.bank.dto,MarketVisualizationDTO.FeeComparisonItem,0,21,0,0,0,1,0,1,0,1
Credit Application Platform,com.creditapp.bank.dto,TeamMemberDTO.TeamMemberDTOBuilder,14,49,0,0,0,1,1,8,1,8
Credit Application Platform,com.creditapp.bank.dto,BankAddressDTO.BankAddressDTOBuilder,10,35,0,0,0,1,1,6,1,6
Credit Application Platform,com.creditapp.bank.dto,DeclineApplicationRequest,72,13,14,0,2,3,13,3,6,3
Credit Application Platform,com.creditapp.bank.dto,TeamMemberDTO,269,31,54,0,6,4,42,4,15,4
Credit Application Platform,com.creditapp.bank.dto,OfferSubmissionRequest,223,34,46,0,3,6,34,6,11,6
Credit Application Platform,com.creditapp.bank.dto,AmountRangeBreakdownDTO.AmountRangeBreakdownDTOBuilder,10,35,0,0,0,1,1,6,1,6
Credit Application Platform,com.creditapp.bank.dto,OfferHistoryResponse.OfferHistoryResponseBuilder,45,0,0,0,1,0,7,0,7,0
Credit Application Platform,com.creditapp.bank.dto,ApplicationQueueResponse.ApplicationQueueResponseBuilder,16,56,0,0,0,1,1,9,1,9
Credit Application Platform,com.creditapp.bank.dto,BankOfferSubmissionRequest,515,0,94,0,15,0,76,0,29,0
Credit Application Platform,com.creditapp.bank.dto,DeclineApplicationRequest.DeclineApplicationRequestBuilder,4,14,0,0,0,1,1,3,1,3
Credit Application Platform,com.creditapp.bank.dto,ApplicationStatusUpdateRequest.ApplicationStatusUpdateRequestBuilder,36,0,0,0,1,0,6,0,6,0
Credit Application Platform,com.creditapp.bank.dto,OfferDocumentUploadRequest,186,28,38,0,3,5,29,5,10,5
Credit Application Platform,com.creditapp.bank.dto,WithdrawOfferResponse.WithdrawOfferResponseBuilder,8,28,0,0,0,1,1,5,1,5
Credit Application Platform,com.creditapp.bank.dto,MarketAnalysisDTO,0,21,0,0,0,1,0,1,0,1
Credit Application Platform,com.creditapp.bank.dto,ApplicationDetailsResponse,343,0,62,0,11,0,52,0,21,0
Credit Application Platform,com.creditapp.bank.dto,OfferHistoryItem.OfferHistoryItemBuilder,81,0,0,0,1,0,11,0,11,0
Credit Application Platform,com.creditapp.bank.dto,OfferHistoryResponse,187,27,38,0,3,5,29,5,10,5
Credit Application Platform,com.creditapp.bank.dto,InviteTeamMemberResponse.InviteTeamMemberResponseBuilder,12,42,0,0,0,1,1,7,1,7
Credit Application Platform,com.creditapp.bank.dto,OfferSubmissionResponse,334,52,70,0,3,9,49,9,14,9
Credit Application Platform,com.creditapp.bank.dto,ApplicationStatusUpdateResponse.ApplicationStatusUpdateResponseBuilder,12,42,0,0,0,1,1,7,1,7
Credit Application Platform,com.creditapp.bank.dto,BankOfferSubmissionResponse,429,0,78,0,13,0,64,0,25,0
Credit Application Platform,com.creditapp.bank.dto,OfferSubmissionRequest.OfferSubmissionRequestBuilder,12,42,0,0,0,1,1,7,1,7
Credit Application Platform,com.creditapp.bank.dto,ConsentDetailsDTO,257,0,46,0,9,0,40,0,17,0
Credit Application Platform,com.creditapp.bank.dto,OfferDocumentMetadata,460,55,94,0,8,7,69,7,22,7
Credit Application Platform,com.creditapp.bank.dto,OfferHistoryItem,347,39,70,0,7,5,53,5,18,5
Credit Application Platform,com.creditapp.bank.dto,ApplicationQueueItem.ApplicationQueueItemBuilder,34,119,0,0,0,1,1,18,1,18
Credit Application Platform,com.creditapp.bank.dto,ApplicationDetailsResponse.ApplicationDetailsResponseBuilder,72,0,0,0,1,0,10,0,10,0
Credit Application Platform,com.creditapp.bank.dto,AnalyticsRequest,146,25,30,0,2,5,23,5,8,5
Credit Application Platform,com.creditapp.bank.dto,ApplicationStatusUpdateResponse,208,49,46,0,1,8,32,8,9,8
Credit Application Platform,com.creditapp.bank.dto,OfferDocumentUploadRequest.OfferDocumentUploadRequestBuilder,10,35,0,0,0,1,1,6,1,6
Credit Application Platform,com.creditapp.bank.dto,AnalyticsMetricsDTO,223,34,46,0,3,6,34,6,11,6
Credit Application Platform,com.creditapp.bank.dto,AnalyticsTrendDTO,186,28,38,0,3,5,29,5,10,5
Credit Application Platform,com.creditapp.bank.dto,BankAddressDTO,183,31,38,0,2,6,28,6,9,6
Credit Application Platform,com.creditapp.bank.dto,ApplicationQueueRequest.ApplicationQueueRequestBuilder,24,84,0,0,0,1,1,13,1,13
Credit Application Platform,com.creditapp.bank.dto,BankProfileDTO,374,55,78,0,4,9,55,9,16,9
Credit Application Platform,com.creditapp.bank.dto,ConsentDetailsDTO.ConsentDetailsDTOBuilder,54,0,0,0,1,0,8,0,8,0
Credit Application Platform,com.creditapp.bank.dto,CompetitivePosition,0,21,0,0,0,4,0,1,0,1
Credit Application Platform,com.creditapp.bank.dto,ApplicationQueueItem,593,137,134,0,1,19,87,19,20,19
Credit Application Platform,com.creditapp.bank.dto,MarketVisualizationDTO.ProcessingTimeComparisonItem,0,15,0,0,0,1,0,1,0,1
Credit Application Platform,com.creditapp.bank.dto,AmountRangeBreakdownDTO,177,37,38,0,3,5,27,7,8,7
Credit Application Platform,com.creditapp.bank.dto,BankRateCardResponse,8,140,3,1,1,55,3,28,1,28
Credit Application Platform,com.creditapp.bank.exception,RateCardNotFoundException,5,4,0,0,2,2,1,1,1,1
Credit Application Platform,com.creditapp.bank.exception,InvalidRateCardException,9,0,0,0,4,0,2,0,2,0
Credit Application Platform,com.creditapp.bank.exception,OfferCalculationException,9,0,0,0,4,0,2,0,2,0
Credit Application Platform,com.creditapp.bank.exception,DuplicateRateCardException,9,0,0,0,4,0,2,0,2,0
Credit Application Platform,com.creditapp.bank.exception,InsufficientMarketDataException,5,4,0,0,2,2,1,1,1,1
Credit Application Platform,com.creditapp.auth.dto,RegistrationRequest,45,0,0,0,13,0,13,0,13,0
Credit Application Platform,com.creditapp.auth.dto,UpdateProfileRequest,143,24,30,0,1,5,20,7,5,7
Credit Application Platform,com.creditapp.auth.dto,BankRegistrationRequest,0,59,0,0,0,17,0,17,0,17
Credit Application Platform,com.creditapp.auth.dto,BankRegistrationResponse,20,33,0,0,5,12,5,6,5,6
Credit Application Platform,com.creditapp.auth.dto,ChangePasswordRequest,143,24,30,0,1,5,20,7,5,7
Credit Application Platform,com.creditapp.auth.dto,LoginRequest,9,17,0,0,1,5,1,5,1,5
Credit Application Platform,com.creditapp.auth.dto,LoginResponse,0,33,0,0,0,12,0,6,0,6
Credit Application Platform,com.creditapp.auth.dto,UserProfileResponse,479,75,102,0,1,14,59,22,8,22
Credit Application Platform,com.creditapp.auth.dto,RegistrationResponse,33,0,0,0,11,0,7,0,7,0
Credit Application Platform,com.creditapp.auth.dto,ChangePasswordResponse,109,15,22,0,2,3,18,3,7,3
Credit Application Platform,com.creditapp.auth.dto,RefreshTokenRequest,16,0,0,0,4,0,4,0,4,0
Credit Application Platform,com.creditapp.auth.dto,LoginResponse.UserDTO,0,39,0,0,0,14,0,7,0,7
Credit Application Platform,com.creditapp.shared.controller,LegalDocumentController,40,36,0,0,10,8,2,4,2,4
Credit Application Platform,com.creditapp.shared.controller,DocumentController,71,13,0,0,21,2,6,2,6,2
Credit Application Platform,com.creditapp.shared.controller,HealthController,96,89,14,12,38,23,11,8,2,4
Credit Application Platform,com.creditapp.shared.audit,BusinessAuditAspect,66,99,10,10,18,28,9,7,0,6
Credit Application Platform,com.creditapp.shared.audit,AuditLogListener,31,0,0,0,8,0,5,0,5,0
Credit Application Platform,com.creditapp.common.exception,GlobalExceptionHandler,871,528,3,7,147,97,25,18,22,16
Credit Application Platform,com.creditapp.compliance.service,ComplianceAuditService,134,222,18,12,20,44,17,7,4,5
Credit Application Platform,com.creditapp.compliance.service,ComplianceChecklistService,1,678,2,24,0,183,2,25,0,14
Credit Application Platform,com.creditapp.auth.event,UserRegisteredEvent,24,0,0,0,8,0,4,0,4,0
Credit Application Platform,com.creditapp.bank.validator,ApplicationStatusValidator,42,33,21,6,6,6,15,3,1,2
Credit Application Platform,com.creditapp.batch,OfferExpirationWarningScheduler,152,0,2,0,29,0,3,0,2,0
Credit Application Platform,com.creditapp.bank.scheduler,OfferExpirationScheduler,22,10,0,0,7,4,1,2,1,2
Credit Application Platform,com.creditapp.shared.model,SignatureLog.SignatureLogBuilder,40,50,0,0,0,1,5,7,5,7
Credit Application Platform,com.creditapp.shared.model,DataExport.DataExportBuilder,29,79,0,0,0,1,2,12,2,12
Credit Application Platform,com.creditapp.shared.model,EmailDeliveryLog,383,3,70,0,11,1,57,1,22,1
Credit Application Platform,com.creditapp.shared.model,Organization.OrganizationBuilder,74,124,0,0,0,1,7,17,7,17
Credit Application Platform,com.creditapp.shared.model,TeamMemberInvite.TeamMemberInviteBuilder,44,94,2,4,0,1,6,11,4,10
Credit Application Platform,com.creditapp.shared.model,SignatureStatus,3,39,0,0,1,8,1,2,1,2
Credit Application Platform,com.creditapp.shared.model,LegalDocument,428,80,90,4,6,17,65,12,18,12
Credit Application Platform,com.creditapp.shared.model,DeliveryStatus,3,32,0,0,1,7,1,2,1,2
Credit Application Platform,com.creditapp.shared.model,DataExport,454,74,98,0,7,13,66,13,17,13
Credit Application Platform,com.creditapp.shared.model,HelpFAQ,343,0,62,0,11,0,52,0,21,0
Credit Application Platform,com.creditapp.shared.model,AuditLog,501,86,102,0,3,24,65,17,14,17
Credit Application Platform,com.creditapp.shared.model,HelpSection,386,0,70,0,12,0,58,0,23,0
Credit Application Platform,com.creditapp.shared.model,ExportFormat,0,15,0,0,0,3,0,1,0,1
Credit Application Platform,com.creditapp.shared.model,GDPRConsent,367,70,78,0,2,12,53,11,14,11
Credit Application Platform,com.creditapp.shared.model,HelpArticleStatus,3,32,0,0,1,7,1,2,1,2
Credit Application Platform,com.creditapp.shared.model,HelpArticle.HelpArticleBuilder,53,73,0,0,0,1,6,10,6,10
Credit Application Platform,com.creditapp.shared.model,NotificationChannel,3,32,0,0,1,7,1,2,1,2
Credit Application Platform,com.creditapp.shared.model,Document.DocumentBuilder,28,53,0,0,0,1,3,8,3,8
Credit Application Platform,com.creditapp.shared.model,ApplicationQueueMetrics.ApplicationQueueMetricsBuilder,10,35,0,0,0,1,1,6,1,6
Credit Application Platform,com.creditapp.shared.model,DeletionStatus,3,39,0,0,1,8,1,2,1,2
Credit Application Platform,com.creditapp.shared.model,EmailTemplate.EmailTemplateBuilder,100,0,2,0,1,0,13,0,12,0
Credit Application Platform,com.creditapp.shared.model,BankTeamMember.BankTeamMemberBuilder,43,87,3,5,0,1,7,9,4,8
Credit Application Platform,com.creditapp.shared.model,GDPRConsent.GDPRConsentBuilder,25,65,0,0,0,1,2,10,2,10
Credit Application Platform,com.creditapp.shared.model,DocumentType,0,63,0,0,0,12,0,3,0,3
Credit Application Platform,com.creditapp.shared.model,BankTeamMember,378,75,78,0,4,11,56,13,17,13
Credit Application Platform,com.creditapp.shared.model,UserRole,0,21,0,0,0,4,0,1,0,1
Credit Application Platform,com.creditapp.shared.model,User,17,92,0,0,5,28,5,24,5,24
Credit Application Platform,com.creditapp.shared.model,DeletionRequest.DeletionRequestBuilder,49,59,0,0,0,1,6,8,6,8
Credit Application Platform,com.creditapp.shared.model,HelpFAQ.HelpFAQBuilder,72,0,0,0,1,0,10,0,10,0
Credit Application Platform,com.creditapp.shared.model,ConsentType,3,39,0,0,1,8,1,2,1,2
Credit Application Platform,com.creditapp.shared.model,HelpArticle,482,119,110,0,3,14,65,23,10,23
Credit Application Platform,com.creditapp.shared.model,HelpSection.HelpSectionBuilder,81,0,0,0,1,0,11,0,11,0
Credit Application Platform,com.creditapp.shared.model,TeamMemberInvite,443,96,94,0,5,13,64,17,17,17
Credit Application Platform,com.creditapp.shared.model,EmailTemplate,426,9,78,0,10,3,63,2,24,2
Credit Application Platform,com.creditapp.shared.model,LegalStatus,3,25,0,0,1,6,1,2,1,2
Credit Application Platform,com.creditapp.shared.model,RefreshToken,82,7,4,0,21,3,18,1,16,1
Credit Application Platform,com.creditapp.shared.model,ExportStatus,0,21,0,0,0,4,0,1,0,1
Credit Application Platform,com.creditapp.shared.model,ComplianceChecklistItem,382,101,86,0,0,19,52,20,9,20
Credit Application Platform,com.creditapp.shared.model,EmailDeliveryLog.EmailDeliveryLogBuilder,81,0,0,0,1,0,11,0,11,0
Credit Application Platform,com.creditapp.shared.model,Organization,117,198,12,0,16,37,19,35,13,35
Credit Application Platform,com.creditapp.shared.model,SignatureLog,392,50,80,2,10,8,61,6,20,6
Credit Application Platform,com.creditapp.shared.model,NotificationType,3,60,0,0,1,11,1,2,1,2
Credit Application Platform,com.creditapp.shared.model,DeletionRequest,439,93,95,1,10,12,64,15,16,15
Credit Application Platform,com.creditapp.shared.model,BankStatus,0,21,0,0,0,4,0,1,0,1
Credit Application Platform,com.creditapp.shared.model,ComplianceStatus,0,44,0,0,0,10,0,4,0,4
Credit Application Platform,com.creditapp.shared.model,AuditAction,294,0,0,0,45,0,3,0,3,0
Credit Application Platform,com.creditapp.shared.model,ComplianceChecklistItem.ComplianceChecklistItemBuilder,27,72,0,0,0,1,2,11,2,11
Credit Application Platform,com.creditapp.shared.model,Document,343,50,71,1,6,9,52,8,16,8
Credit Application Platform,com.creditapp.shared.model,ApplicationQueueMetrics,105,41,14,0,1,7,15,7,8,7
Credit Application Platform,com.creditapp.shared.model,LegalDocument.LegalDocumentBuilder,31,88,2,2,0,1,4,11,2,11
Credit Application Platform,com.creditapp.compliance.dto,AuditLogExportDTO.AuditLogExportDTOBuilder,81,0,0,0,1,0,11,0,11,0
Credit Application Platform,com.creditapp.compliance.dto,ComplianceChecklistUpdateRequest.ComplianceChecklistUpdateRequestBuilder,6,21,0,0,0,1,1,4,1,4
Credit Application Platform,com.creditapp.compliance.dto,AuditLogFilterDTO,282,41,62,0,1,7,40,10,9,10
Credit Application Platform,com.creditapp.compliance.dto,AuditLogResponse.AuditLogResponseBuilder,22,77,0,0,0,1,1,12,1,12
Credit Application Platform,com.creditapp.compliance.dto,AuditLogExportDTO,383,0,70,0,11,0,57,0,22,0
Credit Application Platform,com.creditapp.compliance.dto,ComplianceChecklistResponse,179,70,36,0,0,10,22,15,4,15
Credit Application Platform,com.creditapp.compliance.dto,ComplianceChecklistUpdateRequest,98,30,22,0,0,6,15,7,4,7
Credit Application Platform,com.creditapp.compliance.dto,ComplianceChecklistResponse.ComplianceChecklistResponseBuilder,14,49,0,0,0,1,1,8,1,8
Credit Application Platform,com.creditapp.compliance.dto,AuditLogResponse,411,61,86,0,4,10,60,10,17,10
Credit Application Platform,com.creditapp.compliance.dto,ComplianceChecklistItemResponse.ComplianceChecklistItemResponseBuilder,22,77,0,0,0,1,1,12,1,12
Credit Application Platform,com.creditapp.compliance.dto,ComplianceChecklistItemResponse,362,110,86,0,0,14,47,23,4,23
Credit Application Platform,com.creditapp.borrower.service,ApplicationStatusTrackingService,8,162,1,7,1,38,2,8,1,5
Credit Application Platform,com.creditapp.borrower.service,ApplicationStatusTransitionService,110,13,27,0,21,2,18,2,2,2
Credit Application Platform,com.creditapp.borrower.service,OfferSelectionService,7,358,1,9,0,69,2,10,1,6
Credit Application Platform,com.creditapp.borrower.service,ApplicationService,85,877,13,79,17,205,16,50,3,17
Credit Application Platform,com.creditapp.borrower.service,ApplicationNotificationService,72,7,0,0,15,2,1,2,1,2
Credit Application Platform,com.creditapp.borrower.service,OfferInsightsService,1,354,1,5,0,86,1,11,0,9
Credit Application Platform,com.creditapp.borrower.service,ApplicationDocumentService,373,24,28,0,77,3,25,2,11,2
Credit Application Platform,com.creditapp.borrower.service,OfferRetrievalService,1,287,4,18,0,64,4,15,0,8
Credit Application Platform,com.creditapp.borrower.service,WithdrawApplicationService,116,12,14,0,26,1,10,1,3,1
Credit Application Platform,com.creditapp.borrower.service,ScenarioCalculatorService,29,121,4,2,5,29,3,4,0,4
Credit Application Platform,com.creditapp.borrower.service,OfferHistoryService,23,273,10,12,6,54,11,8,1,7
Credit Application Platform,com.creditapp.borrower.service,OfferComparisonTableService,113,425,38,30,18,88,29,20,0,15
Credit Application Platform,com.creditapp.borrower.service,NextStepsService,136,54,5,1,37,13,5,3,0,3
Credit Application Platform,com.creditapp.borrower.service,ApplicationHistoryService,83,350,34,22,21,72,28,15,2,13
Credit Application Platform,com.creditapp.auth.exception,InvalidCredentialsException,5,4,0,0,1,1,1,1,1,1
Credit Application Platform,com.creditapp.auth.exception,PasswordValidationException,9,0,0,0,4,0,2,0,2,0
Credit Application Platform,com.creditapp.auth.exception,DuplicateBankRegistrationException,5,4,0,0,2,2,1,1,1,1
Credit Application Platform,com.creditapp.auth.exception,BankNotActivatedException,5,4,0,0,1,1,1,1,1,1
Credit Application Platform,com.creditapp.auth.exception,DuplicateEmailException,9,0,0,0,4,0,2,0,2,0
Credit Application Platform,com.creditapp.borrower.event,ApplicationSubmittedEvent,46,0,0,0,16,0,8,0,8,0
Credit Application Platform,com.creditapp.auth.service,PasswordHasher,6,14,0,0,1,4,1,2,1,2
Credit Application Platform,com.creditapp.auth.service,UserRegistrationService,95,15,4,0,17,6,3,1,1,1
Credit Application Platform,com.creditapp.auth.service,InvalidPasswordException,5,4,0,0,2,2,1,1,1,1
Credit Application Platform,com.creditapp.auth.service,BankRegistrationService,12,146,2,4,3,39,2,3,0,2
Credit Application Platform,com.creditapp.auth.service,ProfileService,100,318,12,8,19,68,12,8,4,6
Credit Application Platform,com.creditapp.auth.service,LoginService,5,219,2,14,1,45,2,11,0,5
Credit Application Platform,com.creditapp.auth.service,PasswordValidator,49,3,12,0,11,1,7,1,1,1
Credit Application Platform,com.creditapp.shared.interceptor,AuditInterceptor,3,7,0,0,2,2,2,2,2,2
Credit Application Platform,com.creditapp.shared.job,DataDeletionJob,33,38,1,1,9,9,1,3,0,3
Credit Application Platform,com.creditapp.shared.job,AuditLogArchivalJob,30,10,0,0,6,2,1,2,1,2
Credit Application Platform,com.creditapp.shared.service,DataAnonymizationService,8,86,0,6,3,16,0,10,0,7
Credit Application Platform,com.creditapp.shared.service,PasswordChangeEmailService,7,35,0,0,2,9,0,3,0,3
Credit Application Platform,com.creditapp.shared.service,AuditService,38,201,7,9,11,35,4,13,0,9
Credit Application Platform,com.creditapp.shared.service,MockEmailService,108,0,4,0,23,0,8,0,6,0
Credit Application Platform,com.creditapp.shared.service,OfferExpirationEmailService,265,10,0,0,47,4,2,2,2,2
Credit Application Platform,com.creditapp.shared.service,SendGridEmailService,49,72,0,0,8,15,1,3,1,3
Credit Application Platform,com.creditapp.shared.service,AuditLogIntegrityService,7,82,0,2,2,12,0,4,0,3
Credit Application Platform,com.creditapp.shared.service,PasswordValidationService.ValidationResult,88,12,18,0,1,2,14,2,5,2
Credit Application Platform,com.creditapp.shared.service,DataExportEmailService,149,10,10,0,33,2,11,2,6,2
Credit Application Platform,com.creditapp.shared.service,RateCardLookupService,23,20,2,0,5,4,2,3,1,3
Credit Application Platform,com.creditapp.shared.service,DocumentService,0,55,0,0,0,12,0,7,0,7
Credit Application Platform,com.creditapp.shared.service,HelpContentService,62,137,2,0,12,37,7,7,6,7
Credit Application Platform,com.creditapp.shared.service,JwtTokenService,5,184,3,5,0,42,3,12,0,11
Credit Application Platform,com.creditapp.shared.service,RequestContextService.RequestContext,98,15,22,0,1,6,15,3,4,3
Credit Application Platform,com.creditapp.shared.service,S3DocumentStorageService,229,13,4,0,52,5,6,2,4,2
Credit Application Platform,com.creditapp.shared.service,NotificationService,10,314,2,10,3,80,3,21,1,17
Credit Application Platform,com.creditapp.shared.service,PasswordValidationService,50,42,13,7,9,12,11,2,1,2
Credit Application Platform,com.creditapp.shared.service,S3DocumentStorageService.S3ObjectMetadata,4,15,0,0,1,6,1,1,1,1
Credit Application Platform,com.creditapp.shared.service,OfferSelectionEmailService,145,182,0,0,24,40,1,4,1,4
Credit Application Platform,com.creditapp.shared.service,BankOfferSubmissionEmailService,373,10,8,0,61,2,5,2,1,2
Credit Application Platform,com.creditapp.shared.service,LegalDocumentService,41,274,12,24,9,70,12,15,0,9
Credit Application Platform,com.creditapp.shared.service,DataDeletionEmailService,104,10,6,0,28,2,6,2,3,2
Credit Application Platform,com.creditapp.shared.service,SensitiveDataRedactionService,4,48,2,8,1,14,2,6,0,3
Credit Application Platform,com.creditapp.shared.service,RequestContextService,60,32,19,3,12,10,11,5,0,5
Credit Application Platform,com.creditapp.shared.service,MockEmailService.MockEmail,15,0,0,0,1,0,1,0,1,0
Credit Application Platform,com.creditapp.shared.service,ESignatureService,54,13,0,0,21,2,6,2,6,2
Credit Application Platform,com.creditapp.shared.service,FileValidationService,117,61,24,0,24,4,16,2,2,2
Credit Application Platform,com.creditapp.shared.service,DocumentStorageService,100,27,4,0,24,7,6,2,4,2
Credit Application Platform,com.creditapp.shared.service,ExportFileGenerator,730,28,84,0,99,2,50,2,8,2
Credit Application Platform,com.creditapp.shared.service,AuditLogArchivalService,69,13,2,0,22,5,5,2,4,2
Credit Application Platform,com.creditapp.shared.service,FileValidationService.ValidationResult,0,21,0,0,0,6,0,3,0,3
Credit Application Platform,com.creditapp.shared.service,DefaultRateCardService,0,80,0,0,0,19,0,3,0,3
Credit Application Platform,com.creditapp.shared.service,S3DocumentStorageService.S3ObjectMetadataBuilder,35,0,0,0,10,0,6,0,6,0
Credit Application Platform,com.creditapp.shared.service,DocumentUploadService,108,7,6,0,27,2,8,2,5,2
Credit Application Platform,com.creditapp.shared.service,BankActivationEmailService,5,54,2,2,2,10,2,4,0,4
Credit Application Platform,com.creditapp.shared.service,GDPRConsentService,10,177,0,4,2,45,1,11,1,9
Credit Application Platform,com.creditapp.shared.service,DataDeletionService,199,256,6,6,43,64,13,6,7,6
Credit Application Platform,com.creditapp.shared.service,DataExportService,186,235,9,11,50,63,8,11,2,7
Credit Application Platform,com.creditapp.shared.service,ActivationTokenService,12,39,4,2,3,8,3,4,1,3
Credit Application Platform,com.creditapp.shared.config,SendGridConfig,0,32,2,2,0,7,2,4,0,4
Credit Application Platform,com.creditapp.shared.config,JwtConfig,12,67,7,7,6,13,8,8,1,8
Credit Application Platform,com.creditapp.shared.config,ESignatureProviderConfig,32,3,8,0,7,1,10,1,6,1
Credit Application Platform,com.creditapp.shared.config,ESignatureProviderConfig.Provider,35,0,0,0,10,0,5,0,5,0
Credit Application Platform,com.creditapp.shared.config,RedisConfig,0,34,0,0,0,9,0,2,0,2
Credit Application Platform,com.creditapp.shared.config,JwtConfig.JwtProperties,3,24,0,0,1,9,1,4,1,4
Credit Application Platform,com.creditapp.shared.config,AsyncConfig,0,49,0,0,0,17,0,3,0,3
Credit Application Platform,com.creditapp.shared.config,SecurityConfig,107,0,0,0,21,0,10,0,10,0
Credit Application Platform,com.creditapp.shared.config,WebSocketConfig,0,35,0,0,0,6,0,2,0,2
Credit Application Platform,com.creditapp.shared.config,JwtConfig.Expiration,0,10,0,0,0,3,0,3,0,3
Credit Application Platform,com.creditapp.shared.config,S3Configuration,11,28,0,0,3,7,3,3,3,3
Credit Application Platform,com.creditapp.shared.config,CacheConfig,19,0,0,0,7,0,2,0,2,0
Credit Application Platform,com.creditapp.shared.config,Resilience4jConfig,0,18,0,0,0,7,0,2,0,2
Credit Application Platform,com.creditapp.shared.config,JwtConfig.RefreshExpiration,0,10,0,0,0,3,0,3,0,3
Credit Application Platform,com.creditapp.shared.config,RabbitMQConfig,0,52,0,0,0,17,0,8,0,8
Credit Application Platform,com.creditapp.shared.validator,APRValidator,73,0,14,0,20,0,11,0,4,0
Credit Application Platform,com.creditapp.shared.validator,APRValidator.APRComparison,27,0,0,0,5,0,1,0,1,0
Credit Application Platform,com.creditapp.shared.validator,APRValidator.ValidationResult,27,0,0,0,8,0,5,0,5,0
Credit Application Platform,com.creditapp.shared.security,EncryptionService,34,169,3,7,8,44,3,9,0,7
Credit Application Platform,com.creditapp.shared.security,DataRedactionService,10,176,11,21,5,44,11,13,0,8
Credit Application Platform,com.creditapp.shared.security,RateLimitingAspect,61,30,8,4,14,12,6,3,0,3
Credit Application Platform,com.creditapp.shared.security,AuthorizationService,12,120,6,18,4,34,6,17,0,11
Credit Application Platform,com.creditapp.shared.security,EncryptedAttributeConverter,22,35,0,4,6,11,0,6,0,4
Credit Application Platform,com.creditapp.shared.security,CustomAccessDeniedHandler,0,59,0,0,0,13,0,3,0,3
Credit Application Platform,com.creditapp.shared.security,DecryptionException,0,9,0,0,0,4,0,2,0,2
Credit Application Platform,com.creditapp.shared.security,EncryptionException,9,0,0,0,4,0,2,0,2,0
Credit Application Platform,com.creditapp.shared.messaging,NotificationEventConsumer,22,13,0,0,8,2,2,2,2,2
Credit Application Platform,com.creditapp.shared.messaging,NotificationEventPublisher,22,10,0,0,7,2,1,2,1,2
Credit Application Platform,com.creditapp.common.config,WebMvcConfig,0,12,0,0,0,5,0,2,0,2
Credit Application Platform,com.creditapp.shared.util,RateLimiter,92,6,12,0,22,3,9,1,3,1
Credit Application Platform,com.creditapp.shared.util,EmailRateLimiter,94,13,8,0,26,3,8,2,4,2
Credit Application Platform,com.creditapp.shared.util,RateLimitInterceptor,53,6,4,0,16,1,4,1,2,1
Credit Application Platform,com.creditapp.shared.util,PaginationUtils,33,17,9,3,12,5,8,1,2,1
Credit Application Platform,com.creditapp.shared.util,SortBuilder,16,41,7,5,4,7,8,1,1,1
Credit Application Platform,com.creditapp.shared.util,CalculationUtils,23,109,12,12,6,25,13,5,1,5
Credit Application Platform,com.creditapp.shared.util,LoginRateLimiter,46,6,4,0,10,3,5,1,3,1
Credit Application Platform,com.creditapp,CreditApplicationApplication,5,3,0,0,2,1,1,1,1,1
Credit Application Platform,com.creditapp.shared.exception,NotFoundException,5,4,0,0,2,2,1,1,1,1
Credit Application Platform,com.creditapp.shared.exception,LoginRateLimitExceededException,5,4,0,0,1,1,1,1,1,1
Credit Application Platform,com.creditapp.shared.exception,RateLimitExceededException,18,0,0,0,7,0,3,0,3,0
Credit Application Platform,com.creditapp.borrower.dto,CalculateScenarioResponse,403,117,94,0,0,15,53,24,6,24
Credit Application Platform,com.creditapp.borrower.dto,OfferHistoryRecord.OfferHistoryRecordBuilder,32,112,0,0,0,1,1,17,1,17
Credit Application Platform,com.creditapp.borrower.dto,ApplicationHistoryRecord,553,91,118,0,2,16,78,16,19,16
Credit Application Platform,com.creditapp.borrower.dto,ApplicationHistoryDTO,220,37,46,0,2,7,33,7,10,7
Credit Application Platform,com.creditapp.borrower.dto,SubmitApplicationRequest,37,0,6,0,3,0,9,0,6,0
Credit Application Platform,com.creditapp.borrower.dto,ApplicationHistoryResponse,243,57,54,0,1,9,37,9,10,9
Credit Application Platform,com.creditapp.borrower.dto,OfferHistoryResponse.OfferHistoryResponseBuilder,14,49,0,0,0,1,1,8,1,8
Credit Application Platform,com.creditapp.borrower.dto,HelpArticleListDTO.HelpArticleListDTOBuilder,10,35,0,0,0,1,1,6,1,6
Credit Application Platform,com.creditapp.borrower.dto,DocumentDTO,343,0,62,0,11,0,52,0,21,0
Credit Application Platform,com.creditapp.borrower.dto,CreateApplicationRequest,197,60,46,0,0,9,27,13,4,13
Credit Application Platform,com.creditapp.borrower.dto,ConsentWithdrawalRequest.ConsentWithdrawalRequestBuilder,18,0,0,0,1,0,4,0,4,0
Credit Application Platform,com.creditapp.borrower.dto,SubmitApplicationRequest.SubmitApplicationRequestBuilder,9,0,0,0,1,0,3,0,3,0
Credit Application Platform,com.creditapp.borrower.dto,HelpArticleDTO.HelpArticleDTOBuilder,22,77,0,0,0,1,1,12,1,12
Credit Application Platform,com.creditapp.borrower.dto,UpdateApplicationRequest,234,66,54,0,0,10,32,14,5,14
Credit Application Platform,com.creditapp.borrower.dto,ApplicationHistoryRequest,324,62,70,0,0,12,46,12,11,12
Credit Application Platform,com.creditapp.borrower.dto,NotificationDTO,318,55,66,0,2,10,46,10,13,10
Credit Application Platform,com.creditapp.borrower.dto,SavingsAnalysisDTO,0,15,0,0,0,1,0,1,0,1
Credit Application Platform,com.creditapp.borrower.dto,ApplicationStatusDTO.ApplicationStatusDTOBuilder,14,49,0,0,0,1,1,8,1,8
Credit Application Platform,com.creditapp.borrower.dto,CalculateScenarioRequest.CalculateScenarioRequestBuilder,13,23,0,0,0,1,2,4,2,4
Credit Application Platform,com.creditapp.borrower.dto,DocumentDTO.DocumentDTOBuilder,72,0,0,0,1,0,10,0,10,0
Credit Application Platform,com.creditapp.borrower.dto,UpdateApplicationResponse,405,67,86,0,2,12,58,12,15,12
Credit Application Platform,com.creditapp.borrower.dto,DeletionRequestResponse,186,28,38,0,3,5,29,5,10,5
Credit Application Platform,com.creditapp.borrower.dto,ApplicationDetailsDTO,146,25,30,0,2,5,23,5,8,5
Credit Application Platform,com.creditapp.borrower.dto,ConsentWithdrawalRequest,85,0,14,0,5,0,16,0,9,0
Credit Application Platform,com.creditapp.borrower.dto,OfferInsightsDTO,0,24,0,0,0,1,0,1,0,1
Credit Application Platform,com.creditapp.borrower.dto,CreateApplicationRequest.CreateApplicationRequestBuilder,12,42,0,0,0,1,1,7,1,7
Credit Application Platform,com.creditapp.borrower.dto,NotificationDTO.NotificationDTOBuilder,18,63,0,0,0,1,1,10,1,10
Credit Application Platform,com.creditapp.borrower.dto,HelpArticleDTO,405,67,86,0,2,12,58,12,15,12
Credit Application Platform,com.creditapp.borrower.dto,HelpFAQDTO.HelpFAQDTOBuilder,36,0,0,0,1,0,6,0,6,0
Credit Application Platform,com.creditapp.borrower.dto,ApplicationHistoryDTO.ApplicationHistoryDTOBuilder,12,42,0,0,0,1,1,7,1,7
Credit Application Platform,com.creditapp.borrower.dto,HelpArticleListDTO,183,31,38,0,2,6,28,6,9,6
Credit Application Platform,com.creditapp.borrower.dto,HelpSectionDTO.HelpSectionDTOBuilder,36,0,0,0,1,0,6,0,6,0
Credit Application Platform,com.creditapp.borrower.dto,HelpSectionDTO,171,0,30,0,7,0,28,0,13,0
Credit Application Platform,com.creditapp.borrower.dto,WithdrawApplicationResponse.WithdrawApplicationResponseBuilder,54,0,0,0,1,0,8,0,8,0
Credit Application Platform,com.creditapp.borrower.dto,ApplicationHistoryRecord.ApplicationHistoryRecordBuilder,30,105,0,0,0,1,1,16,1,16
Credit Application Platform,com.creditapp.borrower.dto,ConsentRequestDTO,72,13,14,0,2,3,13,3,6,3
Credit Application Platform,com.creditapp.borrower.dto,ApplicationStatusDTO,230,70,54,0,0,10,31,15,4,15
Credit Application Platform,com.creditapp.borrower.dto,OfferHistoryResponse,243,57,54,0,1,9,37,9,10,9
Credit Application Platform,com.creditapp.borrower.dto,ApplicationDetailsDTO.ApplicationDetailsDTOBuilder,8,28,0,0,0,1,1,5,1,5
Credit Application Platform,com.creditapp.borrower.dto,StatusTransitionDTO,230,70,54,0,0,10,31,15,4,15
Credit Application Platform,com.creditapp.borrower.dto,ConsentResponseDTO.ConsentResponseDTOBuilder,12,42,0,0,0,1,1,7,1,7
Credit Application Platform,com.creditapp.borrower.dto,LoanPreferenceDTO,296,0,54,0,9,0,45,0,18,0
Credit Application Platform,com.creditapp.borrower.dto,SubmitApplicationResponse,442,73,94,0,2,13,63,13,16,13
Credit Application Platform,com.creditapp.borrower.dto,OfferComparisonTableRow,0,115,0,0,0,33,0,33,0,33
Credit Application Platform,com.creditapp.borrower.dto,CalculateScenarioResponse.CalculateScenarioResponseBuilder,32,86,1,1,0,1,3,12,2,12
Credit Application Platform,com.creditapp.borrower.dto,HelpFAQDTO,171,0,30,0,7,0,28,0,13,0
Credit Application Platform,com.creditapp.borrower.dto,StatusTransitionDTO.StatusTransitionDTOBuilder,14,49,0,0,0,1,1,8,1,8
Credit Application Platform,com.creditapp.borrower.dto,ApplicationDTO,362,110,86,0,0,14,47,23,4,23
Credit Application Platform,com.creditapp.borrower.dto,SelectOfferRequest,71,10,14,0,1,3,12,3,5,3
Credit Application Platform,com.creditapp.borrower.dto,ApplicationHistoryResponse.ApplicationHistoryResponseBuilder,14,49,0,0,0,1,1,8,1,8
Credit Application Platform,com.creditapp.borrower.dto,OfferComparisonResponse,74,0,0,0,23,0,14,0,14,0
Credit Application Platform,com.creditapp.borrower.dto,OfferSummaryDTO,0,18,0,0,0,1,0,1,0,1
Credit Application Platform,com.creditapp.borrower.dto,OfferHistoryRecord,635,52,126,0,17,2,98,2,35,2
Credit Application Platform,com.creditapp.borrower.dto,DataExportResponse.DataExportResponseBuilder,23,58,0,0,0,1,2,9,2,9
Credit Application Platform,com.creditapp.borrower.dto,SelectOfferResponse,331,51,70,0,2,9,48,9,13,9
Credit Application Platform,com.creditapp.borrower.dto,ConsentRequestDTO.ConsentRequestDTOBuilder,4,14,0,0,0,1,1,3,1,3
Credit Application Platform,com.creditapp.borrower.dto,ApplicationDTO.ApplicationDTOBuilder,22,77,0,0,0,1,1,12,1,12
Credit Application Platform,com.creditapp.borrower.dto,UpdateApplicationRequest.UpdateApplicationRequestBuilder,14,49,0,0,0,1,1,8,1,8
Credit Application Platform,com.creditapp.borrower.dto,WithdrawApplicationResponse,257,0,46,0,9,0,40,0,17,0
Credit Application Platform,com.creditapp.borrower.dto,ConsentResponseDTO,226,31,46,0,4,5,35,5,12,5
Credit Application Platform,com.creditapp.borrower.dto,CalculateScenarioRequest,135,36,30,0,0,7,20,8,5,8
Credit Application Platform,com.creditapp.borrower.dto,OfferComparisonTableRequest,36,57,0,0,9,20,9,12,9,12
Credit Application Platform,com.creditapp.borrower.dto,UpdateApplicationResponse.UpdateApplicationResponseBuilder,22,77,0,0,0,1,1,12,1,12
Credit Application Platform,com.creditapp.borrower.dto,DataExportResponse,343,43,70,0,6,6,52,6,17,6
Credit Application Platform,com.creditapp.borrower.dto,SubmitApplicationResponse.SubmitApplicationResponseBuilder,24,84,0,0,0,1,1,13,1,13
Credit Application Platform,com.creditapp.borrower.dto,OfferComparisonDTO,82,78,0,0,22,27,22,12,22,12
Credit Application Platform,com.creditapp.borrower.dto,DeletionRequestResponse.DeletionRequestResponseBuilder,10,35,0,0,0,1,1,6,1,6
Credit Application Platform,com.creditapp.borrower.dto,ApplicationHistoryRequest.ApplicationHistoryRequestBuilder,28,53,0,0,0,1,3,8,3,8
Credit Application Platform,com.creditapp.borrower.dto,WithdrawApplicationRequest.WithdrawApplicationRequestBuilder,18,0,0,0,1,0,4,0,4,0
Credit Application Platform,com.creditapp.borrower.dto,WithdrawApplicationRequest,85,0,14,0,5,0,16,0,9,0
Credit Application Platform,com.creditapp.borrower.dto,OfferComparisonTableResponse,0,66,0,0,0,19,0,19,0,19
Credit Application Platform,com.creditapp.auth.controller,AuthController,94,187,1,5,27,47,4,7,3,5
Credit Application Platform,com.creditapp.auth.controller,UserProfileController,0,63,0,0,0,14,0,5,0,5
Credit Application Platform,com.creditapp.auth.filter,JwtAuthenticationFilter,11,105,2,10,4,27,2,8,0,4
Credit Application Platform,com.creditapp.auth.filter,JwtAuthenticationToken,5,42,0,0,3,15,3,9,3,9
