-------------------------------------------------------------------------------
Test set: com.creditapp.integration.borrower.OfferRetrievalIntegrationTest
-------------------------------------------------------------------------------
Tests run: 7, Failures: 3, Errors: 0, Skipped: 0, Time elapsed: 8.496 s <<< FAILURE! -- in com.creditapp.integration.borrower.OfferRetrievalIntegrationTest
com.creditapp.integration.borrower.OfferRetrievalIntegrationTest.testGetOffersSuccessful -- Time elapsed: 0.626 s <<< FAILURE!
java.lang.AssertionError: No value at JSON path "$.totalOffersCount"
	at org.springframework.test.util.JsonPathExpectationsHelper.evaluateJsonPath(JsonPathExpectationsHelper.java:302)
	at org.springframework.test.util.JsonPathExpectationsHelper.assertValue(JsonPathExpectationsHelper.java:73)
	at org.springframework.test.web.servlet.result.JsonPathResultMatchers.lambda$value$0(JsonPathResultMatchers.java:87)
	at org.springframework.test.web.servlet.MockMvc$1.andExpect(MockMvc.java:214)
	at com.creditapp.integration.borrower.OfferRetrievalIntegrationTest.testGetOffersSuccessful(OfferRetrievalIntegrationTest.java:153)
	at java.base/java.lang.reflect.Method.invoke(Method.java:580)
	at java.base/java.util.ArrayList.forEach(ArrayList.java:1596)
	at java.base/java.util.ArrayList.forEach(ArrayList.java:1596)
Caused by: com.jayway.jsonpath.PathNotFoundException: No results for path: $['totalOffersCount']

com.creditapp.integration.borrower.OfferRetrievalIntegrationTest.testEmptyOffersReturnsEmptyArray -- Time elapsed: 0.394 s <<< FAILURE!
java.lang.AssertionError: No value at JSON path "$.totalOffersCount"
	at org.springframework.test.util.JsonPathExpectationsHelper.evaluateJsonPath(JsonPathExpectationsHelper.java:302)
	at org.springframework.test.util.JsonPathExpectationsHelper.assertValue(JsonPathExpectationsHelper.java:73)
	at org.springframework.test.web.servlet.result.JsonPathResultMatchers.lambda$value$0(JsonPathResultMatchers.java:87)
	at org.springframework.test.web.servlet.MockMvc$1.andExpect(MockMvc.java:214)
	at com.creditapp.integration.borrower.OfferRetrievalIntegrationTest.testEmptyOffersReturnsEmptyArray(OfferRetrievalIntegrationTest.java:226)
	at java.base/java.lang.reflect.Method.invoke(Method.java:580)
	at java.base/java.util.ArrayList.forEach(ArrayList.java:1596)
	at java.base/java.util.ArrayList.forEach(ArrayList.java:1596)
Caused by: com.jayway.jsonpath.PathNotFoundException: No results for path: $['totalOffersCount']

com.creditapp.integration.borrower.OfferRetrievalIntegrationTest.testDraftApplicationNotAllowed -- Time elapsed: 0.337 s <<< FAILURE!
java.lang.AssertionError: Status expected:<400> but was:<200>
	at org.springframework.test.util.AssertionErrors.fail(AssertionErrors.java:59)
	at org.springframework.test.util.AssertionErrors.assertEquals(AssertionErrors.java:122)
	at org.springframework.test.web.servlet.result.StatusResultMatchers.lambda$matcher$9(StatusResultMatchers.java:637)
	at org.springframework.test.web.servlet.MockMvc$1.andExpect(MockMvc.java:214)
	at com.creditapp.integration.borrower.OfferRetrievalIntegrationTest.testDraftApplicationNotAllowed(OfferRetrievalIntegrationTest.java:207)
	at java.base/java.lang.reflect.Method.invoke(Method.java:580)
	at java.base/java.util.ArrayList.forEach(ArrayList.java:1596)
	at java.base/java.util.ArrayList.forEach(ArrayList.java:1596)

