-------------------------------------------------------------------------------
Test set: com.creditapp.integration.borrower.ApplicationCreationIntegrationTest
-------------------------------------------------------------------------------
Tests run: 9, Failures: 5, Errors: 0, Skipped: 0, Time elapsed: 4.357 s <<< FAILURE! -- in com.creditapp.integration.borrower.ApplicationCreationIntegrationTest
com.creditapp.integration.borrower.ApplicationCreationIntegrationTest.testCreateApplication_WithLoanAmountTooLow_ShouldReturn400 -- Time elapsed: 0.486 s <<< FAILURE!
java.lang.AssertionError: JSON path "$.message" expected:<Loan amount must be at least 100> but was:<Validation failed>
	at org.springframework.test.util.AssertionErrors.fail(AssertionErrors.java:59)
	at org.springframework.test.util.AssertionErrors.assertEquals(AssertionErrors.java:122)
	at org.springframework.test.util.JsonPathExpectationsHelper.assertValue(JsonPathExpectationsHelper.java:123)
	at org.springframework.test.web.servlet.result.JsonPathResultMatchers.lambda$value$2(JsonPathResultMatchers.java:111)
	at org.springframework.test.web.servlet.MockMvc$1.andExpect(MockMvc.java:214)
	at com.creditapp.integration.borrower.ApplicationCreationIntegrationTest.testCreateApplication_WithLoanAmountTooLow_ShouldReturn400(ApplicationCreationIntegrationTest.java:153)
	at java.base/java.lang.reflect.Method.invoke(Method.java:580)
	at java.base/java.util.ArrayList.forEach(ArrayList.java:1596)
	at java.base/java.util.ArrayList.forEach(ArrayList.java:1596)

com.creditapp.integration.borrower.ApplicationCreationIntegrationTest.testCreateValidApplication_ShouldReturn201Created -- Time elapsed: 0.479 s <<< FAILURE!
java.lang.AssertionError: No value at JSON path "$.createdAt"
	at org.springframework.test.util.AssertionErrors.fail(AssertionErrors.java:37)
	at org.springframework.test.util.AssertionErrors.assertTrue(AssertionErrors.java:70)
	at org.springframework.test.util.JsonPathExpectationsHelper.assertExistsAndReturn(JsonPathExpectationsHelper.java:328)
	at org.springframework.test.util.JsonPathExpectationsHelper.exists(JsonPathExpectationsHelper.java:190)
	at org.springframework.test.web.servlet.result.JsonPathResultMatchers.lambda$exists$3(JsonPathResultMatchers.java:123)
	at org.springframework.test.web.servlet.MockMvc$1.andExpect(MockMvc.java:214)
	at com.creditapp.integration.borrower.ApplicationCreationIntegrationTest.testCreateValidApplication_ShouldReturn201Created(ApplicationCreationIntegrationTest.java:113)
	at java.base/java.lang.reflect.Method.invoke(Method.java:580)
	at java.base/java.util.ArrayList.forEach(ArrayList.java:1596)
	at java.base/java.util.ArrayList.forEach(ArrayList.java:1596)

com.creditapp.integration.borrower.ApplicationCreationIntegrationTest.testCreateApplication_WithLoanTermTooHigh_ShouldReturn400 -- Time elapsed: 0.447 s <<< FAILURE!
java.lang.AssertionError: JSON path "$.message" expected:<Loan term cannot exceed 360 months> but was:<Validation failed>
	at org.springframework.test.util.AssertionErrors.fail(AssertionErrors.java:59)
	at org.springframework.test.util.AssertionErrors.assertEquals(AssertionErrors.java:122)
	at org.springframework.test.util.JsonPathExpectationsHelper.assertValue(JsonPathExpectationsHelper.java:123)
	at org.springframework.test.web.servlet.result.JsonPathResultMatchers.lambda$value$2(JsonPathResultMatchers.java:111)
	at org.springframework.test.web.servlet.MockMvc$1.andExpect(MockMvc.java:214)
	at com.creditapp.integration.borrower.ApplicationCreationIntegrationTest.testCreateApplication_WithLoanTermTooHigh_ShouldReturn400(ApplicationCreationIntegrationTest.java:207)
	at java.base/java.lang.reflect.Method.invoke(Method.java:580)
	at java.base/java.util.ArrayList.forEach(ArrayList.java:1596)
	at java.base/java.util.ArrayList.forEach(ArrayList.java:1596)

com.creditapp.integration.borrower.ApplicationCreationIntegrationTest.testCreateApplication_WithLoanTermTooLow_ShouldReturn400 -- Time elapsed: 0.432 s <<< FAILURE!
java.lang.AssertionError: JSON path "$.message" expected:<Loan term must be at least 6 months> but was:<Validation failed>
	at org.springframework.test.util.AssertionErrors.fail(AssertionErrors.java:59)
	at org.springframework.test.util.AssertionErrors.assertEquals(AssertionErrors.java:122)
	at org.springframework.test.util.JsonPathExpectationsHelper.assertValue(JsonPathExpectationsHelper.java:123)
	at org.springframework.test.web.servlet.result.JsonPathResultMatchers.lambda$value$2(JsonPathResultMatchers.java:111)
	at org.springframework.test.web.servlet.MockMvc$1.andExpect(MockMvc.java:214)
	at com.creditapp.integration.borrower.ApplicationCreationIntegrationTest.testCreateApplication_WithLoanTermTooLow_ShouldReturn400(ApplicationCreationIntegrationTest.java:189)
	at java.base/java.lang.reflect.Method.invoke(Method.java:580)
	at java.base/java.util.ArrayList.forEach(ArrayList.java:1596)
	at java.base/java.util.ArrayList.forEach(ArrayList.java:1596)

com.creditapp.integration.borrower.ApplicationCreationIntegrationTest.testCreateApplication_WithLoanAmountTooHigh_ShouldReturn400 -- Time elapsed: 0.461 s <<< FAILURE!
java.lang.AssertionError: JSON path "$.message" expected:<Loan amount cannot exceed 1,000,000> but was:<Validation failed>
	at org.springframework.test.util.AssertionErrors.fail(AssertionErrors.java:59)
	at org.springframework.test.util.AssertionErrors.assertEquals(AssertionErrors.java:122)
	at org.springframework.test.util.JsonPathExpectationsHelper.assertValue(JsonPathExpectationsHelper.java:123)
	at org.springframework.test.web.servlet.result.JsonPathResultMatchers.lambda$value$2(JsonPathResultMatchers.java:111)
	at org.springframework.test.web.servlet.MockMvc$1.andExpect(MockMvc.java:214)
	at com.creditapp.integration.borrower.ApplicationCreationIntegrationTest.testCreateApplication_WithLoanAmountTooHigh_ShouldReturn400(ApplicationCreationIntegrationTest.java:171)
	at java.base/java.lang.reflect.Method.invoke(Method.java:580)
	at java.base/java.util.ArrayList.forEach(ArrayList.java:1596)
	at java.base/java.util.ArrayList.forEach(ArrayList.java:1596)

