-------------------------------------------------------------------------------
Test set: com.creditapp.integration.borrower.ApplicationDocumentIntegrationTest
-------------------------------------------------------------------------------
Tests run: 9, Failures: 0, Errors: 9, Skipped: 0, Time elapsed: 0.666 s <<< FAILURE! -- in com.creditapp.integration.borrower.ApplicationDocumentIntegrationTest
com.creditapp.integration.borrower.ApplicationDocumentIntegrationTest.testUploadDocumentAppearsInList -- Time elapsed: 0.412 s <<< ERROR!
java.lang.NullPointerException: Cannot invoke "com.creditapp.borrower.dto.ApplicationDTO.getId()" because the return value of "org.springframework.http.ResponseEntity.getBody()" is null
	at com.creditapp.integration.borrower.ApplicationDocumentIntegrationTest.createDraftApplication(ApplicationDocumentIntegrationTest.java:391)
	at com.creditapp.integration.borrower.ApplicationDocumentIntegrationTest.setUp(ApplicationDocumentIntegrationTest.java:64)
	at java.base/java.lang.reflect.Method.invoke(Method.java:580)
	at java.base/java.util.ArrayList.forEach(ArrayList.java:1596)
	at java.base/java.util.ArrayList.forEach(ArrayList.java:1596)

com.creditapp.integration.borrower.ApplicationDocumentIntegrationTest.testUploadFileSizeExceedsLimit -- Time elapsed: 0.028 s <<< ERROR!
java.lang.NullPointerException: Cannot invoke "com.creditapp.borrower.dto.ApplicationDTO.getId()" because the return value of "org.springframework.http.ResponseEntity.getBody()" is null
	at com.creditapp.integration.borrower.ApplicationDocumentIntegrationTest.createDraftApplication(ApplicationDocumentIntegrationTest.java:391)
	at com.creditapp.integration.borrower.ApplicationDocumentIntegrationTest.setUp(ApplicationDocumentIntegrationTest.java:64)
	at java.base/java.lang.reflect.Method.invoke(Method.java:580)
	at java.base/java.util.ArrayList.forEach(ArrayList.java:1596)
	at java.base/java.util.ArrayList.forEach(ArrayList.java:1596)

com.creditapp.integration.borrower.ApplicationDocumentIntegrationTest.testUploadValidPdfDocument -- Time elapsed: 0.029 s <<< ERROR!
java.lang.NullPointerException: Cannot invoke "com.creditapp.borrower.dto.ApplicationDTO.getId()" because the return value of "org.springframework.http.ResponseEntity.getBody()" is null
	at com.creditapp.integration.borrower.ApplicationDocumentIntegrationTest.createDraftApplication(ApplicationDocumentIntegrationTest.java:391)
	at com.creditapp.integration.borrower.ApplicationDocumentIntegrationTest.setUp(ApplicationDocumentIntegrationTest.java:64)
	at java.base/java.lang.reflect.Method.invoke(Method.java:580)
	at java.base/java.util.ArrayList.forEach(ArrayList.java:1596)
	at java.base/java.util.ArrayList.forEach(ArrayList.java:1596)

com.creditapp.integration.borrower.ApplicationDocumentIntegrationTest.testUploadToUnderReviewApplicationFails -- Time elapsed: 0.029 s <<< ERROR!
java.lang.NullPointerException: Cannot invoke "com.creditapp.borrower.dto.ApplicationDTO.getId()" because the return value of "org.springframework.http.ResponseEntity.getBody()" is null
	at com.creditapp.integration.borrower.ApplicationDocumentIntegrationTest.createDraftApplication(ApplicationDocumentIntegrationTest.java:391)
	at com.creditapp.integration.borrower.ApplicationDocumentIntegrationTest.setUp(ApplicationDocumentIntegrationTest.java:64)
	at java.base/java.lang.reflect.Method.invoke(Method.java:580)
	at java.base/java.util.ArrayList.forEach(ArrayList.java:1596)
	at java.base/java.util.ArrayList.forEach(ArrayList.java:1596)

com.creditapp.integration.borrower.ApplicationDocumentIntegrationTest.testUploadWithInvalidMimeType -- Time elapsed: 0.031 s <<< ERROR!
java.lang.NullPointerException: Cannot invoke "com.creditapp.borrower.dto.ApplicationDTO.getId()" because the return value of "org.springframework.http.ResponseEntity.getBody()" is null
	at com.creditapp.integration.borrower.ApplicationDocumentIntegrationTest.createDraftApplication(ApplicationDocumentIntegrationTest.java:391)
	at com.creditapp.integration.borrower.ApplicationDocumentIntegrationTest.setUp(ApplicationDocumentIntegrationTest.java:64)
	at java.base/java.lang.reflect.Method.invoke(Method.java:580)
	at java.base/java.util.ArrayList.forEach(ArrayList.java:1596)
	at java.base/java.util.ArrayList.forEach(ArrayList.java:1596)

com.creditapp.integration.borrower.ApplicationDocumentIntegrationTest.testDeletedDocumentsNotReturnedInList -- Time elapsed: 0.030 s <<< ERROR!
java.lang.NullPointerException: Cannot invoke "com.creditapp.borrower.dto.ApplicationDTO.getId()" because the return value of "org.springframework.http.ResponseEntity.getBody()" is null
	at com.creditapp.integration.borrower.ApplicationDocumentIntegrationTest.createDraftApplication(ApplicationDocumentIntegrationTest.java:391)
	at com.creditapp.integration.borrower.ApplicationDocumentIntegrationTest.setUp(ApplicationDocumentIntegrationTest.java:64)
	at java.base/java.lang.reflect.Method.invoke(Method.java:580)
	at java.base/java.util.ArrayList.forEach(ArrayList.java:1596)
	at java.base/java.util.ArrayList.forEach(ArrayList.java:1596)

com.creditapp.integration.borrower.ApplicationDocumentIntegrationTest.testUploadToSubmittedApplication -- Time elapsed: 0.042 s <<< ERROR!
java.lang.NullPointerException: Cannot invoke "com.creditapp.borrower.dto.ApplicationDTO.getId()" because the return value of "org.springframework.http.ResponseEntity.getBody()" is null
	at com.creditapp.integration.borrower.ApplicationDocumentIntegrationTest.createDraftApplication(ApplicationDocumentIntegrationTest.java:391)
	at com.creditapp.integration.borrower.ApplicationDocumentIntegrationTest.setUp(ApplicationDocumentIntegrationTest.java:64)
	at java.base/java.lang.reflect.Method.invoke(Method.java:580)
	at java.base/java.util.ArrayList.forEach(ArrayList.java:1596)
	at java.base/java.util.ArrayList.forEach(ArrayList.java:1596)

com.creditapp.integration.borrower.ApplicationDocumentIntegrationTest.testDeleteDocumentSoftDelete -- Time elapsed: 0.027 s <<< ERROR!
java.lang.NullPointerException: Cannot invoke "com.creditapp.borrower.dto.ApplicationDTO.getId()" because the return value of "org.springframework.http.ResponseEntity.getBody()" is null
	at com.creditapp.integration.borrower.ApplicationDocumentIntegrationTest.createDraftApplication(ApplicationDocumentIntegrationTest.java:391)
	at com.creditapp.integration.borrower.ApplicationDocumentIntegrationTest.setUp(ApplicationDocumentIntegrationTest.java:64)
	at java.base/java.lang.reflect.Method.invoke(Method.java:580)
	at java.base/java.util.ArrayList.forEach(ArrayList.java:1596)
	at java.base/java.util.ArrayList.forEach(ArrayList.java:1596)

com.creditapp.integration.borrower.ApplicationDocumentIntegrationTest.testOtherBorrowerCannotUploadDocument -- Time elapsed: 0.028 s <<< ERROR!
java.lang.NullPointerException: Cannot invoke "com.creditapp.borrower.dto.ApplicationDTO.getId()" because the return value of "org.springframework.http.ResponseEntity.getBody()" is null
	at com.creditapp.integration.borrower.ApplicationDocumentIntegrationTest.createDraftApplication(ApplicationDocumentIntegrationTest.java:391)
	at com.creditapp.integration.borrower.ApplicationDocumentIntegrationTest.setUp(ApplicationDocumentIntegrationTest.java:64)
	at java.base/java.lang.reflect.Method.invoke(Method.java:580)
	at java.base/java.util.ArrayList.forEach(ArrayList.java:1596)
	at java.base/java.util.ArrayList.forEach(ArrayList.java:1596)

