-------------------------------------------------------------------------------
Test set: com.creditapp.integration.borrower.ApplicationCreationIntegrationTest
-------------------------------------------------------------------------------
Tests run: 9, Failures: 1, Errors: 0, Skipped: 0, Time elapsed: 4.658 s <<< FAILURE! -- in com.creditapp.integration.borrower.ApplicationCreationIntegrationTest
com.creditapp.integration.borrower.ApplicationCreationIntegrationTest.testCreateValidApplication_ShouldReturn201Created -- Time elapsed: 0.467 s <<< FAILURE!
java.lang.AssertionError: No value at JSON path "$.createdAt"
	at org.springframework.test.util.AssertionErrors.fail(AssertionErrors.java:37)
	at org.springframework.test.util.AssertionErrors.assertTrue(AssertionErrors.java:70)
	at org.springframework.test.util.JsonPathExpectationsHelper.assertExistsAndReturn(JsonPathExpectationsHelper.java:328)
	at org.springframework.test.util.JsonPathExpectationsHelper.exists(JsonPathExpectationsHelper.java:190)
	at org.springframework.test.web.servlet.result.JsonPathResultMatchers.lambda$exists$3(JsonPathResultMatchers.java:123)
	at org.springframework.test.web.servlet.MockMvc$1.andExpect(MockMvc.java:214)
	at com.creditapp.integration.borrower.ApplicationCreationIntegrationTest.testCreateValidApplication_ShouldReturn201Created(ApplicationCreationIntegrationTest.java:113)
	at java.base/java.lang.reflect.Method.invoke(Method.java:580)
	at java.base/java.util.ArrayList.forEach(ArrayList.java:1596)
	at java.base/java.util.ArrayList.forEach(ArrayList.java:1596)

