-------------------------------------------------------------------------------
Test set: com.creditapp.unit.security.JwtTokenServiceUnitTest
-------------------------------------------------------------------------------
Tests run: 9, Failures: 0, Errors: 9, Skipped: 0, Time elapsed: 0.072 s <<< FAILURE! -- in com.creditapp.unit.security.JwtTokenServiceUnitTest
com.creditapp.unit.security.JwtTokenServiceUnitTest.testExtractUserIdFromToken -- Time elapsed: 0.055 s <<< ERROR!
java.lang.NullPointerException: Cannot invoke "com.creditapp.shared.service.JwtTokenService.generateToken(com.creditapp.shared.model.User)" because "this.jwtTokenService" is null
	at com.creditapp.unit.security.JwtTokenServiceUnitTest.testExtractUserIdFromToken(JwtTokenServiceUnitTest.java:78)
	at java.base/java.lang.reflect.Method.invoke(Method.java:580)
	at java.base/java.util.ArrayList.forEach(ArrayList.java:1596)
	at java.base/java.util.ArrayList.forEach(ArrayList.java:1596)

com.creditapp.unit.security.JwtTokenServiceUnitTest.testGenerateTokenIncludesAllClaims -- Time elapsed: 0.002 s <<< ERROR!
java.lang.NullPointerException: Cannot invoke "com.creditapp.shared.service.JwtTokenService.generateToken(com.creditapp.shared.model.User)" because "this.jwtTokenService" is null
	at com.creditapp.unit.security.JwtTokenServiceUnitTest.testGenerateTokenIncludesAllClaims(JwtTokenServiceUnitTest.java:51)
	at java.base/java.lang.reflect.Method.invoke(Method.java:580)
	at java.base/java.util.ArrayList.forEach(ArrayList.java:1596)
	at java.base/java.util.ArrayList.forEach(ArrayList.java:1596)

com.creditapp.unit.security.JwtTokenServiceUnitTest.testTokenExpirationClaimPresent -- Time elapsed: 0.002 s <<< ERROR!
java.lang.NullPointerException: Cannot invoke "com.creditapp.shared.service.JwtTokenService.generateToken(com.creditapp.shared.model.User)" because "this.jwtTokenService" is null
	at com.creditapp.unit.security.JwtTokenServiceUnitTest.testTokenExpirationClaimPresent(JwtTokenServiceUnitTest.java:106)
	at java.base/java.lang.reflect.Method.invoke(Method.java:580)
	at java.base/java.util.ArrayList.forEach(ArrayList.java:1596)
	at java.base/java.util.ArrayList.forEach(ArrayList.java:1596)

com.creditapp.unit.security.JwtTokenServiceUnitTest.testExtractEmailFromToken -- Time elapsed: 0.001 s <<< ERROR!
java.lang.NullPointerException: Cannot invoke "com.creditapp.shared.service.JwtTokenService.generateToken(com.creditapp.shared.model.User)" because "this.jwtTokenService" is null
	at com.creditapp.unit.security.JwtTokenServiceUnitTest.testExtractEmailFromToken(JwtTokenServiceUnitTest.java:85)
	at java.base/java.lang.reflect.Method.invoke(Method.java:580)
	at java.base/java.util.ArrayList.forEach(ArrayList.java:1596)
	at java.base/java.util.ArrayList.forEach(ArrayList.java:1596)

com.creditapp.unit.security.JwtTokenServiceUnitTest.testValidateTokenInvalidSignature -- Time elapsed: 0.001 s <<< ERROR!
java.lang.NullPointerException: Cannot invoke "com.creditapp.shared.service.JwtTokenService.generateToken(com.creditapp.shared.model.User)" because "this.jwtTokenService" is null
	at com.creditapp.unit.security.JwtTokenServiceUnitTest.testValidateTokenInvalidSignature(JwtTokenServiceUnitTest.java:71)
	at java.base/java.lang.reflect.Method.invoke(Method.java:580)
	at java.base/java.util.ArrayList.forEach(ArrayList.java:1596)
	at java.base/java.util.ArrayList.forEach(ArrayList.java:1596)

com.creditapp.unit.security.JwtTokenServiceUnitTest.testGenerateTokenForBankAdminIncludesOrgId -- Time elapsed: 0.001 s <<< ERROR!
java.lang.NullPointerException: Cannot invoke "com.creditapp.shared.service.JwtTokenService.generateToken(com.creditapp.shared.model.User)" because "this.jwtTokenService" is null
	at com.creditapp.unit.security.JwtTokenServiceUnitTest.testGenerateTokenForBankAdminIncludesOrgId(JwtTokenServiceUnitTest.java:58)
	at java.base/java.lang.reflect.Method.invoke(Method.java:580)
	at java.base/java.util.ArrayList.forEach(ArrayList.java:1596)
	at java.base/java.util.ArrayList.forEach(ArrayList.java:1596)

com.creditapp.unit.security.JwtTokenServiceUnitTest.testGenerateRefreshToken -- Time elapsed: 0.003 s <<< ERROR!
java.lang.NullPointerException: Cannot invoke "com.creditapp.shared.service.JwtTokenService.generateRefreshToken(com.creditapp.shared.model.User)" because "this.jwtTokenService" is null
	at com.creditapp.unit.security.JwtTokenServiceUnitTest.testGenerateRefreshToken(JwtTokenServiceUnitTest.java:99)
	at java.base/java.lang.reflect.Method.invoke(Method.java:580)
	at java.base/java.util.ArrayList.forEach(ArrayList.java:1596)
	at java.base/java.util.ArrayList.forEach(ArrayList.java:1596)

com.creditapp.unit.security.JwtTokenServiceUnitTest.testValidateTokenSuccessful -- Time elapsed: 0.001 s <<< ERROR!
java.lang.NullPointerException: Cannot invoke "com.creditapp.shared.service.JwtTokenService.generateToken(com.creditapp.shared.model.User)" because "this.jwtTokenService" is null
	at com.creditapp.unit.security.JwtTokenServiceUnitTest.testValidateTokenSuccessful(JwtTokenServiceUnitTest.java:65)
	at java.base/java.lang.reflect.Method.invoke(Method.java:580)
	at java.base/java.util.ArrayList.forEach(ArrayList.java:1596)
	at java.base/java.util.ArrayList.forEach(ArrayList.java:1596)

com.creditapp.unit.security.JwtTokenServiceUnitTest.testExtractRoleFromToken -- Time elapsed: 0.002 s <<< ERROR!
java.lang.NullPointerException: Cannot invoke "com.creditapp.shared.service.JwtTokenService.generateToken(com.creditapp.shared.model.User)" because "this.jwtTokenService" is null
	at com.creditapp.unit.security.JwtTokenServiceUnitTest.testExtractRoleFromToken(JwtTokenServiceUnitTest.java:92)
	at java.base/java.lang.reflect.Method.invoke(Method.java:580)
	at java.base/java.util.ArrayList.forEach(ArrayList.java:1596)
	at java.base/java.util.ArrayList.forEach(ArrayList.java:1596)

