-------------------------------------------------------------------------------
Test set: com.creditapp.integration.borrower.ApplicationStatusTrackingIntegrationTest
-------------------------------------------------------------------------------
Tests run: 6, Failures: 3, Errors: 0, Skipped: 0, Time elapsed: 1.862 s <<< FAILURE! -- in com.creditapp.integration.borrower.ApplicationStatusTrackingIntegrationTest
com.creditapp.integration.borrower.ApplicationStatusTrackingIntegrationTest.testGetApplicationStatusWhenDraft -- Time elapsed: 0.275 s <<< FAILURE!
org.opentest4j.AssertionFailedError: 

expected: 17
 but was: 16
	at java.base/jdk.internal.reflect.DirectConstructorHandleAccessor.newInstance(DirectConstructorHandleAccessor.java:62)
	at java.base/java.lang.reflect.Constructor.newInstanceWithCaller(Constructor.java:502)
	at com.creditapp.integration.borrower.ApplicationStatusTrackingIntegrationTest.testGetApplicationStatusWhenDraft(ApplicationStatusTrackingIntegrationTest.java:121)
	at java.base/java.lang.reflect.Method.invoke(Method.java:580)
	at java.base/java.util.ArrayList.forEach(ArrayList.java:1596)
	at java.base/java.util.ArrayList.forEach(ArrayList.java:1596)

com.creditapp.integration.borrower.ApplicationStatusTrackingIntegrationTest.testGetApplicationStatusDeniesAccessToOtherBorrower -- Time elapsed: 0.453 s <<< FAILURE!
java.lang.AssertionError: Status expected:<404> but was:<500>
	at org.springframework.test.util.AssertionErrors.fail(AssertionErrors.java:59)
	at org.springframework.test.util.AssertionErrors.assertEquals(AssertionErrors.java:122)
	at org.springframework.test.web.servlet.result.StatusResultMatchers.lambda$matcher$9(StatusResultMatchers.java:637)
	at org.springframework.test.web.servlet.MockMvc$1.andExpect(MockMvc.java:214)
	at com.creditapp.integration.borrower.ApplicationStatusTrackingIntegrationTest.testGetApplicationStatusDeniesAccessToOtherBorrower(ApplicationStatusTrackingIntegrationTest.java:239)
	at java.base/java.lang.reflect.Method.invoke(Method.java:580)
	at java.base/java.util.ArrayList.forEach(ArrayList.java:1596)
	at java.base/java.util.ArrayList.forEach(ArrayList.java:1596)

com.creditapp.integration.borrower.ApplicationStatusTrackingIntegrationTest.testProgressionPercentageCalculation -- Time elapsed: 0.336 s <<< FAILURE!
java.lang.AssertionError: 
[Progression for DRAFT] 
Expecting actual:
  16
to be greater than or equal to:
  17

	at com.creditapp.integration.borrower.ApplicationStatusTrackingIntegrationTest.testProgressionPercentageCalculation(ApplicationStatusTrackingIntegrationTest.java:294)
	at java.base/java.lang.reflect.Method.invoke(Method.java:580)
	at java.base/java.util.ArrayList.forEach(ArrayList.java:1596)
	at java.base/java.util.ArrayList.forEach(ArrayList.java:1596)

