-------------------------------------------------------------------------------
Test set: com.creditapp.shared.service.AuditServiceTest
-------------------------------------------------------------------------------
Tests run: 7, Failures: 0, Errors: 3, Skipped: 0, Time elapsed: 0.085 s <<< FAILURE! -- in com.creditapp.shared.service.AuditServiceTest
com.creditapp.shared.service.AuditServiceTest.testSanitizeValues_RemovesSensitiveFields -- Time elapsed: 0.003 s <<< ERROR!
java.lang.NullPointerException: Cannot invoke "com.creditapp.shared.security.DataRedactionService.redactAuditDetails(java.util.Map)" because "this.dataRedactionService" is null
	at com.creditapp.shared.service.AuditService.sanitizeValues(AuditService.java:140)
	at com.creditapp.shared.service.AuditServiceTest.testSanitizeValues_RemovesSensitiveFields(AuditServiceTest.java:56)
	at java.base/java.lang.reflect.Method.invoke(Method.java:568)
	at java.base/java.util.ArrayList.forEach(ArrayList.java:1511)
	at java.base/java.util.ArrayList.forEach(ArrayList.java:1511)

com.creditapp.shared.service.AuditServiceTest.testSanitizeValues_PartiallyRedacted -- Time elapsed: 0.002 s <<< ERROR!
java.lang.NullPointerException: Cannot invoke "com.creditapp.shared.security.DataRedactionService.redactAuditDetails(java.util.Map)" because "this.dataRedactionService" is null
	at com.creditapp.shared.service.AuditService.sanitizeValues(AuditService.java:140)
	at com.creditapp.shared.service.AuditServiceTest.testSanitizeValues_PartiallyRedacted(AuditServiceTest.java:115)
	at java.base/java.lang.reflect.Method.invoke(Method.java:568)
	at java.base/java.util.ArrayList.forEach(ArrayList.java:1511)
	at java.base/java.util.ArrayList.forEach(ArrayList.java:1511)

com.creditapp.shared.service.AuditServiceTest.testSanitizeValues_MultipleSensitiveFields -- Time elapsed: 0.002 s <<< ERROR!
java.lang.NullPointerException: Cannot invoke "com.creditapp.shared.security.DataRedactionService.redactAuditDetails(java.util.Map)" because "this.dataRedactionService" is null
	at com.creditapp.shared.service.AuditService.sanitizeValues(AuditService.java:140)
	at com.creditapp.shared.service.AuditServiceTest.testSanitizeValues_MultipleSensitiveFields(AuditServiceTest.java:100)
	at java.base/java.lang.reflect.Method.invoke(Method.java:568)
	at java.base/java.util.ArrayList.forEach(ArrayList.java:1511)
	at java.base/java.util.ArrayList.forEach(ArrayList.java:1511)

