-------------------------------------------------------------------------------
Test set: com.creditapp.integration.borrower.BorrowerNotificationIntegrationTest
-------------------------------------------------------------------------------
Tests run: 11, Failures: 3, Errors: 0, Skipped: 0, Time elapsed: 2.838 s <<< FAILURE! -- in com.creditapp.integration.borrower.BorrowerNotificationIntegrationTest
com.creditapp.integration.borrower.BorrowerNotificationIntegrationTest.testGetNotifications_WithReadFilter_Unread -- Time elapsed: 0.227 s <<< FAILURE!
java.lang.AssertionError: No value at JSON path "$.content[0].isRead"
	at org.springframework.test.util.JsonPathExpectationsHelper.evaluateJsonPath(JsonPathExpectationsHelper.java:302)
	at org.springframework.test.util.JsonPathExpectationsHelper.assertValue(JsonPathExpectationsHelper.java:99)
	at org.springframework.test.web.servlet.result.JsonPathResultMatchers.lambda$value$2(JsonPathResultMatchers.java:111)
	at org.springframework.test.web.servlet.MockMvc$1.andExpect(MockMvc.java:214)
	at com.creditapp.integration.borrower.BorrowerNotificationIntegrationTest.testGetNotifications_WithReadFilter_Unread(BorrowerNotificationIntegrationTest.java:127)
	at java.base/java.lang.reflect.Method.invoke(Method.java:580)
	at java.base/java.util.ArrayList.forEach(ArrayList.java:1596)
	at java.base/java.util.ArrayList.forEach(ArrayList.java:1596)
Caused by: com.jayway.jsonpath.PathNotFoundException: No results for path: $['content'][0]['isRead']

com.creditapp.integration.borrower.BorrowerNotificationIntegrationTest.testGetNotifications_ReturnsCorrectFields -- Time elapsed: 0.240 s <<< FAILURE!
java.lang.AssertionError: 

Expecting actual:
  "{"content":[{"id":"10bace5b-31f5-468b-a808-ba6879abe1a1","notificationType":"APPLICATION_SUBMITTED","subject":"Application Submitted","message":"Your application has been submitted for review","sentAt":"2026-01-18T00:00:26Z","readAt":null,"applicationId":"f069a950-e907-4d91-b43b-9965aac88e51","read":false}],"pageable":{"pageNumber":0,"pageSize":20,"sort":{"empty":false,"sorted":true,"unsorted":false},"offset":0,"unpaged":false,"paged":true},"totalPages":1,"totalElements":1,"last":true,"size":20,"number":0,"sort":{"empty":false,"sorted":true,"unsorted":false},"first":true,"numberOfElements":1,"empty":false}"
to contain:
  ""isRead"" 
	at com.creditapp.integration.borrower.BorrowerNotificationIntegrationTest.testGetNotifications_ReturnsCorrectFields(BorrowerNotificationIntegrationTest.java:218)
	at java.base/java.lang.reflect.Method.invoke(Method.java:580)
	at java.base/java.util.ArrayList.forEach(ArrayList.java:1596)
	at java.base/java.util.ArrayList.forEach(ArrayList.java:1596)

com.creditapp.integration.borrower.BorrowerNotificationIntegrationTest.testGetNotifications_WithReadFilter_Read -- Time elapsed: 0.221 s <<< FAILURE!
java.lang.AssertionError: No value at JSON path "$.content[0].isRead"
	at org.springframework.test.util.JsonPathExpectationsHelper.evaluateJsonPath(JsonPathExpectationsHelper.java:302)
	at org.springframework.test.util.JsonPathExpectationsHelper.assertValue(JsonPathExpectationsHelper.java:99)
	at org.springframework.test.web.servlet.result.JsonPathResultMatchers.lambda$value$2(JsonPathResultMatchers.java:111)
	at org.springframework.test.web.servlet.MockMvc$1.andExpect(MockMvc.java:214)
	at com.creditapp.integration.borrower.BorrowerNotificationIntegrationTest.testGetNotifications_WithReadFilter_Read(BorrowerNotificationIntegrationTest.java:147)
	at java.base/java.lang.reflect.Method.invoke(Method.java:580)
	at java.base/java.util.ArrayList.forEach(ArrayList.java:1596)
	at java.base/java.util.ArrayList.forEach(ArrayList.java:1596)
Caused by: com.jayway.jsonpath.PathNotFoundException: No results for path: $['content'][0]['isRead']

