<?xml version="1.0" encoding="UTF-8"?>
<testsuite xmlns:xsi="http://www.w3.org/2001/XMLSchema-instance" xsi:noNamespaceSchemaLocation="https://maven.apache.org/surefire/maven-surefire-plugin/xsd/surefire-test-report-3.0.xsd" version="3.0" name="com.creditapp.unit.borrower.OfferSelectionServiceTest" time="0.202" tests="8" errors="0" skipped="0" failures="0">
  <properties>
[...]
</properties>
  <testcase name="testBorrowerSelectedAtTimestampSet" classname="com.creditapp.unit.borrower.OfferSelectionServiceTest" time="0.178">
    <system-out><![CDATA[2026-01-18 00:00:58.225 [main] DEBUG c.c.b.service.OfferSelectionService - Offer selection started. ApplicationId: a4e4078f-6d48-4a13-8d06-de059e2f93d4, BorrowerId: 17b2052a-c6a2-439d-84f5-948ac5dedd53, OfferId: 1ceace8e-86e5-4826-9971-898ef2a83f24
2026-01-18 00:00:58.227 [main] INFO  c.c.b.service.OfferSelectionService - Offer selected by borrower. OfferId: 1ceace8e-86e5-4826-9971-898ef2a83f24, Status: ACCEPTED, SelectedAt: 2026-01-18T00:00:58.227176500
2026-01-18 00:00:58.227 [main] INFO  c.c.b.service.OfferSelectionService - Application status updated to ACCEPTED. ApplicationId: a4e4078f-6d48-4a13-8d06-de059e2f93d4
]]></system-out>
  </testcase>
  <testcase name="testChangeOfferSelection" classname="com.creditapp.unit.borrower.OfferSelectionServiceTest" time="0.004">
    <system-out><![CDATA[2026-01-18 00:00:58.232 [main] DEBUG c.c.b.service.OfferSelectionService - Offer change requested. ApplicationId: 25064bcd-ea19-407d-94ca-cde9aa493f88, BorrowerId: 62fbc168-b5cc-468c-a37c-8cce5a682248, NewOfferId: 1d299577-39cd-4439-b156-1969ab8a6474
2026-01-18 00:00:58.232 [main] DEBUG c.c.b.service.OfferSelectionService - Offer selection started. ApplicationId: 25064bcd-ea19-407d-94ca-cde9aa493f88, BorrowerId: 62fbc168-b5cc-468c-a37c-8cce5a682248, OfferId: 1d299577-39cd-4439-b156-1969ab8a6474
2026-01-18 00:00:58.232 [main] INFO  c.c.b.service.OfferSelectionService - Previous offer deselected. OfferId: 176a622f-9f38-4c27-9599-19e3a43cf3c5, Status: CALCULATED
2026-01-18 00:00:58.232 [main] INFO  c.c.b.service.OfferSelectionService - Offer selected by borrower. OfferId: 1d299577-39cd-4439-b156-1969ab8a6474, Status: ACCEPTED, SelectedAt: 2026-01-18T00:00:58.232494300
2026-01-18 00:00:58.232 [main] INFO  c.c.b.service.OfferSelectionService - Application status updated to ACCEPTED. ApplicationId: 25064bcd-ea19-407d-94ca-cde9aa493f88
]]></system-out>
  </testcase>
  <testcase name="testSelectOfferExpired" classname="com.creditapp.unit.borrower.OfferSelectionServiceTest" time="0.003">
    <system-out><![CDATA[2026-01-18 00:00:58.236 [main] DEBUG c.c.b.service.OfferSelectionService - Offer selection started. ApplicationId: e0efcb84-2459-4906-bcb3-0f253c914214, BorrowerId: 7b784844-8ad3-4f80-85ae-03f6e0ec6b9b, OfferId: ea076312-1e39-4be4-9f93-30352e305134
2026-01-18 00:00:58.236 [main] WARN  c.c.b.service.OfferSelectionService - Offer expired. OfferId: ea076312-1e39-4be4-9f93-30352e305134, ExpiresAt: 2026-01-17T00:00:58.235493500
]]></system-out>
  </testcase>
  <testcase name="testSelectOfferUnauthorized" classname="com.creditapp.unit.borrower.OfferSelectionServiceTest" time="0.003">
    <system-out><![CDATA[2026-01-18 00:00:58.240 [main] DEBUG c.c.b.service.OfferSelectionService - Offer selection started. ApplicationId: 82e4bd0a-d9ca-4a93-a644-dfb77095ff28, BorrowerId: f22782a6-fe35-456f-92e8-04db37843d67, OfferId: 7d64edbb-cfe8-411c-a911-035275946e5a
2026-01-18 00:00:58.240 [main] WARN  c.c.b.service.OfferSelectionService - Unauthorized offer selection attempt. ApplicationId: 82e4bd0a-d9ca-4a93-a644-dfb77095ff28, BorrowerId: f22782a6-fe35-456f-92e8-04db37843d67
]]></system-out>
  </testcase>
  <testcase name="testApplicationStatusUpdatedToAccepted" classname="com.creditapp.unit.borrower.OfferSelectionServiceTest" time="0.003">
    <system-out><![CDATA[2026-01-18 00:00:58.243 [main] DEBUG c.c.b.service.OfferSelectionService - Offer selection started. ApplicationId: 105b9836-ab34-4222-822d-2705bf839850, BorrowerId: 77ee64cf-8845-499a-89dc-f316a2e7fa10, OfferId: 46b1dffb-484b-484c-8b4f-b1dfef41c327
2026-01-18 00:00:58.243 [main] INFO  c.c.b.service.OfferSelectionService - Offer selected by borrower. OfferId: 46b1dffb-484b-484c-8b4f-b1dfef41c327, Status: ACCEPTED, SelectedAt: 2026-01-18T00:00:58.243126400
2026-01-18 00:00:58.243 [main] INFO  c.c.b.service.OfferSelectionService - Application status updated to ACCEPTED. ApplicationId: 105b9836-ab34-4222-822d-2705bf839850
]]></system-out>
  </testcase>
  <testcase name="testSelectOfferApplicationNotFound" classname="com.creditapp.unit.borrower.OfferSelectionServiceTest" time="0.002">
    <system-out><![CDATA[2026-01-18 00:00:58.245 [main] DEBUG c.c.b.service.OfferSelectionService - Offer selection started. ApplicationId: f8667ef3-d8a2-4bba-9d24-4ebe17c1e343, BorrowerId: 62e6eaaa-9cae-4fc2-b518-022863159975, OfferId: 55a1ab45-d5c9-4976-9d5a-e762bbc1d0bd
]]></system-out>
  </testcase>
  <testcase name="testSelectOfferNotBelongingToApplication" classname="com.creditapp.unit.borrower.OfferSelectionServiceTest" time="0.002">
    <system-out><![CDATA[2026-01-18 00:00:58.248 [main] DEBUG c.c.b.service.OfferSelectionService - Offer selection started. ApplicationId: 88fa9488-5d96-4c16-81fb-ef65c0b60d18, BorrowerId: 18ce7df3-522c-45a2-bf7c-6362e6f8cced, OfferId: 97bdb2c2-6009-4905-8682-a7cbdfaa52a8
2026-01-18 00:00:58.248 [main] WARN  c.c.b.service.OfferSelectionService - Offer does not belong to application. ApplicationId: 88fa9488-5d96-4c16-81fb-ef65c0b60d18, OfferId: 97bdb2c2-6009-4905-8682-a7cbdfaa52a8
]]></system-out>
  </testcase>
  <testcase name="testSelectOfferSuccessfully" classname="com.creditapp.unit.borrower.OfferSelectionServiceTest" time="0.003">
    <system-out><![CDATA[2026-01-18 00:00:58.251 [main] DEBUG c.c.b.service.OfferSelectionService - Offer selection started. ApplicationId: 5f342b72-b69e-4179-922c-ad98353cf654, BorrowerId: d7bed2b3-fc9f-499d-a559-0431211e99d1, OfferId: 84c6b73c-cb30-4778-8a97-34a7f925a175
2026-01-18 00:00:58.251 [main] INFO  c.c.b.service.OfferSelectionService - Offer selected by borrower. OfferId: 84c6b73c-cb30-4778-8a97-34a7f925a175, Status: ACCEPTED, SelectedAt: 2026-01-18T00:00:58.251925100
2026-01-18 00:00:58.251 [main] INFO  c.c.b.service.OfferSelectionService - Application status updated to ACCEPTED. ApplicationId: 5f342b72-b69e-4179-922c-ad98353cf654
]]></system-out>
  </testcase>
</testsuite>