<?xml version="1.0" encoding="UTF-8"?>
<testsuite xmlns:xsi="http://www.w3.org/2001/XMLSchema-instance" xsi:noNamespaceSchemaLocation="https://maven.apache.org/surefire/maven-surefire-plugin/xsd/surefire-test-report-3.0.xsd" version="3.0" name="com.creditapp.unit.borrower.OfferSelectionServiceTest" time="0.251" tests="8" errors="0" skipped="0" failures="0">
  <properties>
[...]
</properties>
  <testcase name="testBorrowerSelectedAtTimestampSet" classname="com.creditapp.unit.borrower.OfferSelectionServiceTest" time="0.218">
    <system-out><![CDATA[2026-01-17 16:42:14.254 [main] DEBUG c.c.b.service.OfferSelectionService - Offer selection started. ApplicationId: 5759c4f0-e923-46d2-82f2-ce0ad598ffc0, BorrowerId: 813f0937-45e0-451d-90a0-84e0afbf234f, OfferId: 4ad470e9-9777-4df9-8cf7-c42ae2669dc3
2026-01-17 16:42:14.258 [main] INFO  c.c.b.service.OfferSelectionService - Offer selected by borrower. OfferId: 4ad470e9-9777-4df9-8cf7-c42ae2669dc3, Status: ACCEPTED, SelectedAt: 2026-01-17T16:42:14.258075900
2026-01-17 16:42:14.258 [main] INFO  c.c.b.service.OfferSelectionService - Application status updated to ACCEPTED. ApplicationId: 5759c4f0-e923-46d2-82f2-ce0ad598ffc0
]]></system-out>
  </testcase>
  <testcase name="testChangeOfferSelection" classname="com.creditapp.unit.borrower.OfferSelectionServiceTest" time="0.003">
    <system-out><![CDATA[2026-01-17 16:42:14.265 [main] DEBUG c.c.b.service.OfferSelectionService - Offer change requested. ApplicationId: 4c58dd2f-7a40-48ee-a118-f66286094c03, BorrowerId: b713c392-44a9-4447-a400-fccadac5f59d, NewOfferId: ddd4b025-bacb-443e-a1d3-f5e9df270b9d
2026-01-17 16:42:14.265 [main] DEBUG c.c.b.service.OfferSelectionService - Offer selection started. ApplicationId: 4c58dd2f-7a40-48ee-a118-f66286094c03, BorrowerId: b713c392-44a9-4447-a400-fccadac5f59d, OfferId: ddd4b025-bacb-443e-a1d3-f5e9df270b9d
2026-01-17 16:42:14.265 [main] INFO  c.c.b.service.OfferSelectionService - Previous offer deselected. OfferId: 5abbba19-892c-460b-89bd-907beab4fb05, Status: CALCULATED
2026-01-17 16:42:14.265 [main] INFO  c.c.b.service.OfferSelectionService - Offer selected by borrower. OfferId: ddd4b025-bacb-443e-a1d3-f5e9df270b9d, Status: ACCEPTED, SelectedAt: 2026-01-17T16:42:14.265673400
2026-01-17 16:42:14.265 [main] INFO  c.c.b.service.OfferSelectionService - Application status updated to ACCEPTED. ApplicationId: 4c58dd2f-7a40-48ee-a118-f66286094c03
]]></system-out>
  </testcase>
  <testcase name="testSelectOfferExpired" classname="com.creditapp.unit.borrower.OfferSelectionServiceTest" time="0.003">
    <system-out><![CDATA[2026-01-17 16:42:14.270 [main] DEBUG c.c.b.service.OfferSelectionService - Offer selection started. ApplicationId: 4f12b2dc-52d5-4535-b692-2be264e77608, BorrowerId: abb4c8a7-fd5a-47b7-bc50-3eb704844f52, OfferId: cb14edda-7cda-4a72-9170-a936af8442ae
2026-01-17 16:42:14.270 [main] WARN  c.c.b.service.OfferSelectionService - Offer expired. OfferId: cb14edda-7cda-4a72-9170-a936af8442ae, ExpiresAt: 2026-01-16T16:42:14.267719
]]></system-out>
  </testcase>
  <testcase name="testSelectOfferUnauthorized" classname="com.creditapp.unit.borrower.OfferSelectionServiceTest" time="0.006">
    <system-out><![CDATA[2026-01-17 16:42:14.275 [main] DEBUG c.c.b.service.OfferSelectionService - Offer selection started. ApplicationId: 3db67b35-3df8-48aa-b1ad-fec969f00d8a, BorrowerId: 24c2cefe-9555-41e0-9610-d374f9d9a8a5, OfferId: 0c67c940-35e0-43aa-9eed-16c813b2bbd9
2026-01-17 16:42:14.275 [main] WARN  c.c.b.service.OfferSelectionService - Unauthorized offer selection attempt. ApplicationId: 3db67b35-3df8-48aa-b1ad-fec969f00d8a, BorrowerId: 24c2cefe-9555-41e0-9610-d374f9d9a8a5
]]></system-out>
  </testcase>
  <testcase name="testApplicationStatusUpdatedToAccepted" classname="com.creditapp.unit.borrower.OfferSelectionServiceTest" time="0.004">
    <system-out><![CDATA[2026-01-17 16:42:14.276 [main] DEBUG c.c.b.service.OfferSelectionService - Offer selection started. ApplicationId: d000d865-e6a0-4ad0-8610-2ccb9367a532, BorrowerId: c6da272f-3091-4a35-88ce-3f8283aec969, OfferId: b8c707fa-d0fa-4d01-ad1f-204144a8e7ab
2026-01-17 16:42:14.276 [main] INFO  c.c.b.service.OfferSelectionService - Offer selected by borrower. OfferId: b8c707fa-d0fa-4d01-ad1f-204144a8e7ab, Status: ACCEPTED, SelectedAt: 2026-01-17T16:42:14.276055700
2026-01-17 16:42:14.276 [main] INFO  c.c.b.service.OfferSelectionService - Application status updated to ACCEPTED. ApplicationId: d000d865-e6a0-4ad0-8610-2ccb9367a532
]]></system-out>
  </testcase>
  <testcase name="testSelectOfferApplicationNotFound" classname="com.creditapp.unit.borrower.OfferSelectionServiceTest" time="0.0">
    <system-out><![CDATA[2026-01-17 16:42:14.280 [main] DEBUG c.c.b.service.OfferSelectionService - Offer selection started. ApplicationId: d89897d2-eb48-41fc-b555-9bf491e91326, BorrowerId: 8039c3b8-89d9-4db2-af15-c0772e20a3b9, OfferId: 72210310-6c5c-416d-9aed-f623e10fa113
]]></system-out>
  </testcase>
  <testcase name="testSelectOfferNotBelongingToApplication" classname="com.creditapp.unit.borrower.OfferSelectionServiceTest" time="0.004">
    <system-out><![CDATA[2026-01-17 16:42:14.288 [main] DEBUG c.c.b.service.OfferSelectionService - Offer selection started. ApplicationId: 21357e0e-5a54-4bcd-903d-dcc401858818, BorrowerId: 86f758ff-67c4-4fd6-b970-8b766453ad57, OfferId: 180cdbb5-0736-4a06-a49f-4ba655d0dfad
2026-01-17 16:42:14.288 [main] WARN  c.c.b.service.OfferSelectionService - Offer does not belong to application. ApplicationId: 21357e0e-5a54-4bcd-903d-dcc401858818, OfferId: 180cdbb5-0736-4a06-a49f-4ba655d0dfad
]]></system-out>
  </testcase>
  <testcase name="testSelectOfferSuccessfully" classname="com.creditapp.unit.borrower.OfferSelectionServiceTest" time="0.004">
    <system-out><![CDATA[2026-01-17 16:42:14.292 [main] DEBUG c.c.b.service.OfferSelectionService - Offer selection started. ApplicationId: bda848e4-6e38-4393-ba6e-aea1ce2a0063, BorrowerId: bb1fd98c-07b1-412c-8449-c21445b33520, OfferId: 314785bf-a71d-4b49-989c-8c46e2150114
2026-01-17 16:42:14.292 [main] INFO  c.c.b.service.OfferSelectionService - Offer selected by borrower. OfferId: 314785bf-a71d-4b49-989c-8c46e2150114, Status: ACCEPTED, SelectedAt: 2026-01-17T16:42:14.292020700
2026-01-17 16:42:14.292 [main] INFO  c.c.b.service.OfferSelectionService - Application status updated to ACCEPTED. ApplicationId: bda848e4-6e38-4393-ba6e-aea1ce2a0063
]]></system-out>
  </testcase>
</testsuite>